2017-07-14 08:03:41.255  INFO [demo-service,,,] 4054 --- [main] com.demo.main.Application                : No active profile set, falling back to default profiles: default
2017-07-14 08:03:41.301  INFO [demo-service,,,] 4054 --- [main] ationConfigEmbeddedWebApplicationContext : Refreshing org.springframework.boot.context.embedded.AnnotationConfigEmbeddedWebApplicationContext@71e08394: startup date [Fri Jul 14 08:03:41 UTC 2017]; parent: org.springframework.context.annotation.AnnotationConfigApplicationContext@50679311
2017-07-14 08:03:42.530  INFO [demo-service,,,] 4054 --- [main] o.s.i.config.IntegrationRegistrar        : No bean named 'integrationHeaderChannelRegistry' has been explicitly defined. Therefore, a default DefaultHeaderChannelRegistry will be created.
2017-07-14 08:03:43.406  INFO [demo-service,,,] 4054 --- [main] o.s.cloud.context.scope.GenericScope     : BeanFactory id=6babf14a-f60c-3871-a333-754db7c56ed4
2017-07-14 08:03:43.452  INFO [demo-service,,,] 4054 --- [main] faultConfiguringBeanFactoryPostProcessor : No bean named 'errorChannel' has been explicitly defined. Therefore, a default PublishSubscribeChannel will be created.
2017-07-14 08:03:43.459  INFO [demo-service,,,] 4054 --- [main] faultConfiguringBeanFactoryPostProcessor : No bean named 'taskScheduler' has been explicitly defined. Therefore, a default ThreadPoolTaskScheduler will be created.
2017-07-14 08:03:43.730  INFO [demo-service,,,] 4054 --- [main] trationDelegate$BeanPostProcessorChecker : Bean 'org.springframework.kafka.annotation.KafkaBootstrapConfiguration' of type [org.springframework.kafka.annotation.KafkaBootstrapConfiguration$$EnhancerBySpringCGLIB$$7c1cad13] is not eligible for getting processed by all BeanPostProcessors (for example: not eligible for auto-proxying)
2017-07-14 08:03:43.782  INFO [demo-service,,,] 4054 --- [main] trationDelegate$BeanPostProcessorChecker : Bean 'org.springframework.cloud.sleuth.instrument.async.AsyncDefaultAutoConfiguration$DefaultAsyncConfigurerSupport' of type [org.springframework.cloud.sleuth.instrument.async.AsyncDefaultAutoConfiguration$DefaultAsyncConfigurerSupport$$EnhancerBySpringCGLIB$$e5ac3953] is not eligible for getting processed by all BeanPostProcessors (for example: not eligible for auto-proxying)
2017-07-14 08:03:43.965  INFO [demo-service,,,] 4054 --- [main] trationDelegate$BeanPostProcessorChecker : Bean 'org.springframework.cloud.sleuth.annotation.SleuthAnnotationAutoConfiguration' of type [org.springframework.cloud.sleuth.annotation.SleuthAnnotationAutoConfiguration$$EnhancerBySpringCGLIB$$aacfe1c2] is not eligible for getting processed by all BeanPostProcessors (for example: not eligible for auto-proxying)
2017-07-14 08:03:44.391  INFO [demo-service,,,] 4054 --- [main] trationDelegate$BeanPostProcessorChecker : Bean 'sleuthAdvisorConfig' of type [org.springframework.cloud.sleuth.annotation.SleuthAdvisorConfig] is not eligible for getting processed by all BeanPostProcessors (for example: not eligible for auto-proxying)
2017-07-14 08:03:44.480  INFO [demo-service,,,] 4054 --- [main] trationDelegate$BeanPostProcessorChecker : Bean 'integrationGlobalProperties' of type [org.springframework.beans.factory.config.PropertiesFactoryBean] is not eligible for getting processed by all BeanPostProcessors (for example: not eligible for auto-proxying)
2017-07-14 08:03:44.524  INFO [demo-service,,,] 4054 --- [main] trationDelegate$BeanPostProcessorChecker : Bean 'integrationGlobalProperties' of type [java.util.Properties] is not eligible for getting processed by all BeanPostProcessors (for example: not eligible for auto-proxying)
2017-07-14 08:03:44.772  INFO [demo-service,,,] 4054 --- [main] trationDelegate$BeanPostProcessorChecker : Bean 'org.springframework.cloud.autoconfigure.ConfigurationPropertiesRebinderAutoConfiguration' of type [org.springframework.cloud.autoconfigure.ConfigurationPropertiesRebinderAutoConfiguration$$EnhancerBySpringCGLIB$$c4849e8d] is not eligible for getting processed by all BeanPostProcessors (for example: not eligible for auto-proxying)
2017-07-14 08:03:44.840  INFO [demo-service,,,] 4054 --- [main] trationDelegate$BeanPostProcessorChecker : Bean 'org.springframework.cloud.stream.config.BindingServiceConfiguration$PostProcessorConfiguration' of type [org.springframework.cloud.stream.config.BindingServiceConfiguration$PostProcessorConfiguration$$EnhancerBySpringCGLIB$$6a323995] is not eligible for getting processed by all BeanPostProcessors (for example: not eligible for auto-proxying)
2017-07-14 08:03:44.955  INFO [demo-service,,,] 4054 --- [main] trationDelegate$BeanPostProcessorChecker : Bean 'org.springframework.cloud.sleuth.instrument.async.AsyncDefaultAutoConfiguration' of type [org.springframework.cloud.sleuth.instrument.async.AsyncDefaultAutoConfiguration$$EnhancerBySpringCGLIB$$904e47af] is not eligible for getting processed by all BeanPostProcessors (for example: not eligible for auto-proxying)
2017-07-14 08:03:45.756  INFO [demo-service,,,] 4054 --- [main] org.xnio                                 : XNIO version 3.3.6.Final
2017-07-14 08:03:45.783  INFO [demo-service,,,] 4054 --- [main] org.xnio.nio                             : XNIO NIO Implementation Version 3.3.6.Final
2017-07-14 08:03:45.940  WARN [demo-service,,,] 4054 --- [main] io.undertow.websockets.jsr               : UT026009: XNIO worker was not set on WebSocketDeploymentInfo, the default worker will be used
2017-07-14 08:03:45.949  WARN [demo-service,,,] 4054 --- [main] io.undertow.websockets.jsr               : UT026010: Buffer pool was not set on WebSocketDeploymentInfo, the default pool will be used
2017-07-14 08:03:46.000  INFO [demo-service,,,] 4054 --- [main] io.undertow.servlet                      : Initializing Spring embedded WebApplicationContext
2017-07-14 08:03:46.000  INFO [demo-service,,,] 4054 --- [main] o.s.web.context.ContextLoader            : Root WebApplicationContext: initialization completed in 4699 ms
2017-07-14 08:03:48.381  INFO [demo-service,,,] 4054 --- [main] o.s.b.w.servlet.FilterRegistrationBean   : Mapping filter: 'metricsFilter' to: [/*]
2017-07-14 08:03:48.382  INFO [demo-service,,,] 4054 --- [main] o.s.b.w.servlet.FilterRegistrationBean   : Mapping filter: 'characterEncodingFilter' to: [/*]
2017-07-14 08:03:48.389  INFO [demo-service,,,] 4054 --- [main] o.s.b.w.servlet.FilterRegistrationBean   : Mapping filter: 'traceFilter' to: [/*]
2017-07-14 08:03:48.389  INFO [demo-service,,,] 4054 --- [main] o.s.b.w.servlet.FilterRegistrationBean   : Mapping filter: 'hiddenHttpMethodFilter' to: [/*]
2017-07-14 08:03:48.390  INFO [demo-service,,,] 4054 --- [main] o.s.b.w.servlet.FilterRegistrationBean   : Mapping filter: 'httpPutFormContentFilter' to: [/*]
2017-07-14 08:03:48.390  INFO [demo-service,,,] 4054 --- [main] o.s.b.w.servlet.FilterRegistrationBean   : Mapping filter: 'requestContextFilter' to: [/*]
2017-07-14 08:03:48.390  INFO [demo-service,,,] 4054 --- [main] o.s.b.w.servlet.FilterRegistrationBean   : Mapping filter: 'webRequestLoggingFilter' to: [/*]
2017-07-14 08:03:48.390  INFO [demo-service,,,] 4054 --- [main] o.s.b.w.servlet.FilterRegistrationBean   : Mapping filter: 'applicationContextIdFilter' to: [/*]
2017-07-14 08:03:48.391  INFO [demo-service,,,] 4054 --- [main] o.s.b.w.servlet.ServletRegistrationBean  : Mapping servlet: 'dispatcherServlet' to [/]
2017-07-14 08:03:50.241  INFO [demo-service,,,] 4054 --- [main] s.w.s.m.m.a.RequestMappingHandlerAdapter : Looking for @ControllerAdvice: org.springframework.boot.context.embedded.AnnotationConfigEmbeddedWebApplicationContext@71e08394: startup date [Fri Jul 14 08:03:41 UTC 2017]; parent: org.springframework.context.annotation.AnnotationConfigApplicationContext@50679311
2017-07-14 08:03:50.581  INFO [demo-service,,,] 4054 --- [main] s.w.s.m.m.a.RequestMappingHandlerMapping : Mapped "{[/customer],methods=[GET]}" onto public java.lang.String com.demo.main.Application.getCustomerByCustomerNo()
2017-07-14 08:03:50.587  INFO [demo-service,,,] 4054 --- [main] s.w.s.m.m.a.RequestMappingHandlerMapping : Mapped "{[/error],produces=[text/html]}" onto public org.springframework.web.servlet.ModelAndView org.springframework.boot.autoconfigure.web.BasicErrorController.errorHtml(javax.servlet.http.HttpServletRequest,javax.servlet.http.HttpServletResponse)
2017-07-14 08:03:50.593  INFO [demo-service,,,] 4054 --- [main] s.w.s.m.m.a.RequestMappingHandlerMapping : Mapped "{[/error]}" onto public org.springframework.http.ResponseEntity<java.util.Map<java.lang.String, java.lang.Object>> org.springframework.boot.autoconfigure.web.BasicErrorController.error(javax.servlet.http.HttpServletRequest)
2017-07-14 08:03:50.905  INFO [demo-service,,,] 4054 --- [main] o.s.w.s.handler.SimpleUrlHandlerMapping  : Mapped URL path [/webjars/**] onto handler of type [class org.springframework.web.servlet.resource.ResourceHttpRequestHandler]
2017-07-14 08:03:50.907  INFO [demo-service,,,] 4054 --- [main] o.s.w.s.handler.SimpleUrlHandlerMapping  : Mapped URL path [/**] onto handler of type [class org.springframework.web.servlet.resource.ResourceHttpRequestHandler]
2017-07-14 08:03:51.109  INFO [demo-service,,,] 4054 --- [main] o.s.w.s.handler.SimpleUrlHandlerMapping  : Mapped URL path [/**/favicon.ico] onto handler of type [class org.springframework.web.servlet.resource.ResourceHttpRequestHandler]
2017-07-14 08:03:52.088  INFO [demo-service,,,] 4054 --- [main] o.s.s.c.ThreadPoolTaskScheduler          : Initializing ExecutorService  'taskScheduler'
2017-07-14 08:03:53.506  INFO [demo-service,,,] 4054 --- [main] o.s.b.a.e.mvc.EndpointHandlerMapping     : Mapped "{[/channels || /channels.json],methods=[GET],produces=[application/vnd.spring-boot.actuator.v1+json || application/json]}" onto public java.lang.Object org.springframework.boot.actuate.endpoint.mvc.EndpointMvcAdapter.invoke()
2017-07-14 08:03:53.507  INFO [demo-service,,,] 4054 --- [main] o.s.b.a.e.mvc.EndpointHandlerMapping     : Mapped "{[/heapdump || /heapdump.json],methods=[GET],produces=[application/octet-stream]}" onto public void org.springframework.boot.actuate.endpoint.mvc.HeapdumpMvcEndpoint.invoke(boolean,javax.servlet.http.HttpServletRequest,javax.servlet.http.HttpServletResponse) throws java.io.IOException,javax.servlet.ServletException
2017-07-14 08:03:53.509  INFO [demo-service,,,] 4054 --- [main] o.s.b.a.e.mvc.EndpointHandlerMapping     : Mapped "{[/metrics/{name:.*}],methods=[GET],produces=[application/vnd.spring-boot.actuator.v1+json || application/json]}" onto public java.lang.Object org.springframework.boot.actuate.endpoint.mvc.MetricsMvcEndpoint.value(java.lang.String)
2017-07-14 08:03:53.509  INFO [demo-service,,,] 4054 --- [main] o.s.b.a.e.mvc.EndpointHandlerMapping     : Mapped "{[/metrics || /metrics.json],methods=[GET],produces=[application/vnd.spring-boot.actuator.v1+json || application/json]}" onto public java.lang.Object org.springframework.boot.actuate.endpoint.mvc.EndpointMvcAdapter.invoke()
2017-07-14 08:03:53.510  INFO [demo-service,,,] 4054 --- [main] o.s.b.a.e.mvc.EndpointHandlerMapping     : Mapped "{[/env],methods=[POST]}" onto public java.lang.Object org.springframework.cloud.context.environment.EnvironmentManagerMvcEndpoint.value(java.util.Map<java.lang.String, java.lang.String>)
2017-07-14 08:03:53.510  INFO [demo-service,,,] 4054 --- [main] o.s.b.a.e.mvc.EndpointHandlerMapping     : Mapped "{[/env/reset],methods=[POST]}" onto public java.util.Map<java.lang.String, java.lang.Object> org.springframework.cloud.context.environment.EnvironmentManagerMvcEndpoint.reset()
2017-07-14 08:03:53.511  INFO [demo-service,,,] 4054 --- [main] o.s.b.a.e.mvc.EndpointHandlerMapping     : Mapped "{[/mappings || /mappings.json],methods=[GET],produces=[application/vnd.spring-boot.actuator.v1+json || application/json]}" onto public java.lang.Object org.springframework.boot.actuate.endpoint.mvc.EndpointMvcAdapter.invoke()
2017-07-14 08:03:53.517  INFO [demo-service,,,] 4054 --- [main] o.s.b.a.e.mvc.EndpointHandlerMapping     : Mapped "{[/loggers/{name:.*}],methods=[GET],produces=[application/vnd.spring-boot.actuator.v1+json || application/json]}" onto public java.lang.Object org.springframework.boot.actuate.endpoint.mvc.LoggersMvcEndpoint.get(java.lang.String)
2017-07-14 08:03:53.524  INFO [demo-service,,,] 4054 --- [main] o.s.b.a.e.mvc.EndpointHandlerMapping     : Mapped "{[/loggers/{name:.*}],methods=[POST],consumes=[application/vnd.spring-boot.actuator.v1+json || application/json],produces=[application/vnd.spring-boot.actuator.v1+json || application/json]}" onto public java.lang.Object org.springframework.boot.actuate.endpoint.mvc.LoggersMvcEndpoint.set(java.lang.String,java.util.Map<java.lang.String, java.lang.String>)
2017-07-14 08:03:53.525  INFO [demo-service,,,] 4054 --- [main] o.s.b.a.e.mvc.EndpointHandlerMapping     : Mapped "{[/loggers || /loggers.json],methods=[GET],produces=[application/vnd.spring-boot.actuator.v1+json || application/json]}" onto public java.lang.Object org.springframework.boot.actuate.endpoint.mvc.EndpointMvcAdapter.invoke()
2017-07-14 08:03:53.526  INFO [demo-service,,,] 4054 --- [main] o.s.b.a.e.mvc.EndpointHandlerMapping     : Mapped "{[/health || /health.json],methods=[GET],produces=[application/vnd.spring-boot.actuator.v1+json || application/json]}" onto public java.lang.Object org.springframework.boot.actuate.endpoint.mvc.HealthMvcEndpoint.invoke(javax.servlet.http.HttpServletRequest,java.security.Principal)
2017-07-14 08:03:53.526  INFO [demo-service,,,] 4054 --- [main] o.s.b.a.e.mvc.EndpointHandlerMapping     : Mapped "{[/autoconfig || /autoconfig.json],methods=[GET],produces=[application/vnd.spring-boot.actuator.v1+json || application/json]}" onto public java.lang.Object org.springframework.boot.actuate.endpoint.mvc.EndpointMvcAdapter.invoke()
2017-07-14 08:03:53.527  INFO [demo-service,,,] 4054 --- [main] o.s.b.a.e.mvc.EndpointHandlerMapping     : Mapped "{[/features || /features.json],methods=[GET],produces=[application/vnd.spring-boot.actuator.v1+json || application/json]}" onto public java.lang.Object org.springframework.boot.actuate.endpoint.mvc.EndpointMvcAdapter.invoke()
2017-07-14 08:03:53.528  INFO [demo-service,,,] 4054 --- [main] o.s.b.a.e.mvc.EndpointHandlerMapping     : Mapped "{[/logfile || /logfile.json],methods=[GET || HEAD]}" onto public void org.springframework.boot.actuate.endpoint.mvc.LogFileMvcEndpoint.invoke(javax.servlet.http.HttpServletRequest,javax.servlet.http.HttpServletResponse) throws javax.servlet.ServletException,java.io.IOException
2017-07-14 08:03:53.528  INFO [demo-service,,,] 4054 --- [main] o.s.b.a.e.mvc.EndpointHandlerMapping     : Mapped "{[/resume || /resume.json],methods=[POST]}" onto public java.lang.Object org.springframework.cloud.endpoint.GenericPostableMvcEndpoint.invoke()
2017-07-14 08:03:53.530  INFO [demo-service,,,] 4054 --- [main] o.s.b.a.e.mvc.EndpointHandlerMapping     : Mapped "{[/dump || /dump.json],methods=[GET],produces=[application/vnd.spring-boot.actuator.v1+json || application/json]}" onto public java.lang.Object org.springframework.boot.actuate.endpoint.mvc.EndpointMvcAdapter.invoke()
2017-07-14 08:03:53.531  INFO [demo-service,,,] 4054 --- [main] o.s.b.a.e.mvc.EndpointHandlerMapping     : Mapped "{[/configprops || /configprops.json],methods=[GET],produces=[application/vnd.spring-boot.actuator.v1+json || application/json]}" onto public java.lang.Object org.springframework.boot.actuate.endpoint.mvc.EndpointMvcAdapter.invoke()
2017-07-14 08:03:53.534  INFO [demo-service,,,] 4054 --- [main] o.s.b.a.e.mvc.EndpointHandlerMapping     : Mapped "{[/env/{name:.*}],methods=[GET],produces=[application/vnd.spring-boot.actuator.v1+json || application/json]}" onto public java.lang.Object org.springframework.boot.actuate.endpoint.mvc.EnvironmentMvcEndpoint.value(java.lang.String)
2017-07-14 08:03:53.540  INFO [demo-service,,,] 4054 --- [main] o.s.b.a.e.mvc.EndpointHandlerMapping     : Mapped "{[/env || /env.json],methods=[GET],produces=[application/vnd.spring-boot.actuator.v1+json || application/json]}" onto public java.lang.Object org.springframework.boot.actuate.endpoint.mvc.EndpointMvcAdapter.invoke()
2017-07-14 08:03:53.540  INFO [demo-service,,,] 4054 --- [main] o.s.b.a.e.mvc.EndpointHandlerMapping     : Mapped "{[/info || /info.json],methods=[GET],produces=[application/vnd.spring-boot.actuator.v1+json || application/json]}" onto public java.lang.Object org.springframework.boot.actuate.endpoint.mvc.EndpointMvcAdapter.invoke()
2017-07-14 08:03:53.541  INFO [demo-service,,,] 4054 --- [main] o.s.b.a.e.mvc.EndpointHandlerMapping     : Mapped "{[/auditevents || /auditevents.json],methods=[GET],produces=[application/vnd.spring-boot.actuator.v1+json || application/json]}" onto public org.springframework.http.ResponseEntity<?> org.springframework.boot.actuate.endpoint.mvc.AuditEventsMvcEndpoint.findByPrincipalAndAfterAndType(java.lang.String,java.util.Date,java.lang.String)
2017-07-14 08:03:53.543  INFO [demo-service,,,] 4054 --- [main] o.s.b.a.e.mvc.EndpointHandlerMapping     : Mapped "{[/restart || /restart.json],methods=[POST]}" onto public java.lang.Object org.springframework.cloud.context.restart.RestartMvcEndpoint.invoke()
2017-07-14 08:03:53.543  INFO [demo-service,,,] 4054 --- [main] o.s.b.a.e.mvc.EndpointHandlerMapping     : Mapped "{[/beans || /beans.json],methods=[GET],produces=[application/vnd.spring-boot.actuator.v1+json || application/json]}" onto public java.lang.Object org.springframework.boot.actuate.endpoint.mvc.EndpointMvcAdapter.invoke()
2017-07-14 08:03:53.544  INFO [demo-service,,,] 4054 --- [main] o.s.b.a.e.mvc.EndpointHandlerMapping     : Mapped "{[/trace || /trace.json],methods=[GET],produces=[application/vnd.spring-boot.actuator.v1+json || application/json]}" onto public java.lang.Object org.springframework.boot.actuate.endpoint.mvc.EndpointMvcAdapter.invoke()
2017-07-14 08:03:53.545  INFO [demo-service,,,] 4054 --- [main] o.s.b.a.e.mvc.EndpointHandlerMapping     : Mapped "{[/refresh || /refresh.json],methods=[POST]}" onto public java.lang.Object org.springframework.cloud.endpoint.GenericPostableMvcEndpoint.invoke()
2017-07-14 08:03:53.547  INFO [demo-service,,,] 4054 --- [main] o.s.b.a.e.mvc.EndpointHandlerMapping     : Mapped "{[/pause || /pause.json],methods=[POST]}" onto public java.lang.Object org.springframework.cloud.endpoint.GenericPostableMvcEndpoint.invoke()
2017-07-14 08:03:54.862  INFO [demo-service,,,] 4054 --- [main] o.s.s.c.ThreadPoolTaskScheduler          : Initializing ExecutorService 
2017-07-14 08:03:55.195  INFO [demo-service,,,] 4054 --- [main] o.s.i.codec.kryo.CompositeKryoRegistrar  : configured Kryo registration [40, java.io.File] with serializer org.springframework.integration.codec.kryo.FileSerializer
2017-07-14 08:03:55.541  INFO [demo-service,,,] 4054 --- [main] o.s.j.e.a.AnnotationMBeanExporter        : Registering beans for JMX exposure on startup
2017-07-14 08:03:55.561  INFO [demo-service,,,] 4054 --- [main] o.s.j.e.a.AnnotationMBeanExporter        : Bean with name 'integrationMbeanExporter' has been autodetected for JMX exposure
2017-07-14 08:03:55.563  INFO [demo-service,,,] 4054 --- [main] o.s.j.e.a.AnnotationMBeanExporter        : Bean with name 'configurationPropertiesRebinder' has been autodetected for JMX exposure
2017-07-14 08:03:55.564  INFO [demo-service,,,] 4054 --- [main] o.s.j.e.a.AnnotationMBeanExporter        : Bean with name 'refreshEndpoint' has been autodetected for JMX exposure
2017-07-14 08:03:55.565  INFO [demo-service,,,] 4054 --- [main] o.s.j.e.a.AnnotationMBeanExporter        : Bean with name 'restartEndpoint' has been autodetected for JMX exposure
2017-07-14 08:03:55.574  INFO [demo-service,,,] 4054 --- [main] o.s.j.e.a.AnnotationMBeanExporter        : Bean with name 'environmentManager' has been autodetected for JMX exposure
2017-07-14 08:03:55.575  INFO [demo-service,,,] 4054 --- [main] o.s.j.e.a.AnnotationMBeanExporter        : Bean with name 'refreshScope' has been autodetected for JMX exposure
2017-07-14 08:03:55.579  INFO [demo-service,,,] 4054 --- [main] o.s.j.e.a.AnnotationMBeanExporter        : Located managed bean 'environmentManager': registering with JMX server as MBean [org.springframework.cloud.context.environment:name=environmentManager,type=EnvironmentManager]
2017-07-14 08:03:55.610  INFO [demo-service,,,] 4054 --- [main] o.s.j.e.a.AnnotationMBeanExporter        : Located managed bean 'restartEndpoint': registering with JMX server as MBean [org.springframework.cloud.context.restart:name=restartEndpoint,type=RestartEndpoint]
2017-07-14 08:03:55.632  INFO [demo-service,,,] 4054 --- [main] o.s.j.e.a.AnnotationMBeanExporter        : Located managed bean 'refreshScope': registering with JMX server as MBean [org.springframework.cloud.context.scope.refresh:name=refreshScope,type=RefreshScope]
2017-07-14 08:03:55.669  INFO [demo-service,,,] 4054 --- [main] o.s.j.e.a.AnnotationMBeanExporter        : Located managed bean 'integrationMbeanExporter': registering with JMX server as MBean [org.springframework.integration.monitor:name=integrationMbeanExporter,type=IntegrationMBeanExporter]
2017-07-14 08:03:55.722  INFO [demo-service,,,] 4054 --- [main] o.s.j.e.a.AnnotationMBeanExporter        : Located managed bean 'configurationPropertiesRebinder': registering with JMX server as MBean [org.springframework.cloud.context.properties:name=configurationPropertiesRebinder,context=71e08394,type=ConfigurationPropertiesRebinder]
2017-07-14 08:03:55.728  INFO [demo-service,,,] 4054 --- [main] o.s.j.e.a.AnnotationMBeanExporter        : Located managed bean 'refreshEndpoint': registering with JMX server as MBean [org.springframework.cloud.endpoint:name=refreshEndpoint,type=RefreshEndpoint]
2017-07-14 08:03:55.733  INFO [demo-service,,,] 4054 --- [main] o.s.i.monitor.IntegrationMBeanExporter   : Registering beans for JMX exposure on startup
2017-07-14 08:03:55.741  INFO [demo-service,,,] 4054 --- [main] o.s.i.monitor.IntegrationMBeanExporter   : Registering MessageChannel nullChannel
2017-07-14 08:03:55.746  INFO [demo-service,,,] 4054 --- [main] o.s.i.monitor.IntegrationMBeanExporter   : Located managed bean 'org.springframework.integration:type=MessageChannel,name=nullChannel': registering with JMX server as MBean [org.springframework.integration:type=MessageChannel,name=nullChannel]
2017-07-14 08:03:55.766  INFO [demo-service,,,] 4054 --- [main] o.s.i.monitor.IntegrationMBeanExporter   : Registering MessageChannel sleuth
2017-07-14 08:03:55.770  INFO [demo-service,,,] 4054 --- [main] o.s.i.monitor.IntegrationMBeanExporter   : Located managed bean 'org.springframework.integration:type=MessageChannel,name=sleuth': registering with JMX server as MBean [org.springframework.integration:type=MessageChannel,name=sleuth]
2017-07-14 08:03:55.841  INFO [demo-service,,,] 4054 --- [main] o.s.i.monitor.IntegrationMBeanExporter   : Registering MessageChannel errorChannel
2017-07-14 08:03:55.843  INFO [demo-service,,,] 4054 --- [main] o.s.i.monitor.IntegrationMBeanExporter   : Located managed bean 'org.springframework.integration:type=MessageChannel,name=errorChannel': registering with JMX server as MBean [org.springframework.integration:type=MessageChannel,name=errorChannel]
2017-07-14 08:03:55.895  INFO [demo-service,,,] 4054 --- [main] o.s.i.monitor.IntegrationMBeanExporter   : Registering MessageHandler errorLogger
2017-07-14 08:03:55.897  INFO [demo-service,,,] 4054 --- [main] o.s.i.monitor.IntegrationMBeanExporter   : Located managed bean 'org.springframework.integration:type=MessageHandler,name=errorLogger,bean=internal': registering with JMX server as MBean [org.springframework.integration:type=MessageHandler,name=errorLogger,bean=internal]
2017-07-14 08:03:55.933  INFO [demo-service,,,] 4054 --- [main] o.s.i.monitor.IntegrationMBeanExporter   : Registering MessageSource sleuthStreamSpanReporter.poll.inboundChannelAdapter
2017-07-14 08:03:55.939  INFO [demo-service,,,] 4054 --- [main] o.s.i.monitor.IntegrationMBeanExporter   : Located managed bean 'org.springframework.integration:type=MessageSource,name=sleuthStreamSpanReporter.poll.inboundChannelAdapter,bean=endpoint': registering with JMX server as MBean [org.springframework.integration:type=MessageSource,name=sleuthStreamSpanReporter.poll.inboundChannelAdapter,bean=endpoint]
2017-07-14 08:03:56.261  INFO [demo-service,,,] 4054 --- [main] o.s.c.support.DefaultLifecycleProcessor  : Starting beans in phase -2147482648
2017-07-14 08:03:56.379  INFO [demo-service,,,] 4054 --- [main] com.demo.main.Application                : No active profile set, falling back to default profiles: default
2017-07-14 08:03:56.390  INFO [demo-service,,,] 4054 --- [main] s.c.a.AnnotationConfigApplicationContext : Refreshing org.springframework.context.annotation.AnnotationConfigApplicationContext@6e263d1b: startup date [Fri Jul 14 08:03:56 UTC 2017]; parent: org.springframework.boot.context.embedded.AnnotationConfigEmbeddedWebApplicationContext@71e08394
2017-07-14 08:03:56.524  INFO [demo-service,,,] 4054 --- [main] o.s.c.s.b.k.c.KafkaBinderConfiguration   : AdminUtils selected: Kafka 0.10 AdminUtils
2017-07-14 08:03:56.609  INFO [demo-service,,,] 4054 --- [main] com.demo.main.Application                : Started Application in 0.322 seconds (JVM running for 24.181)
2017-07-14 08:03:56.678  INFO [demo-service,,,] 4054 --- [main] o.s.c.s.b.k.p.KafkaTopicProvisioner      : Using kafka topic for outbound: sleuth
2017-07-14 08:03:56.770  INFO [demo-service,,,] 4054 --- [main] org.apache.zookeeper.ZooKeeper           : Client environment:zookeeper.version=3.4.8--1, built on 02/06/2016 03:18 GMT
2017-07-14 08:03:56.771  INFO [demo-service,,,] 4054 --- [main] org.apache.zookeeper.ZooKeeper           : Client environment:host.name=kafkainstance.c.arcane-silo-171509.internal
2017-07-14 08:03:56.773  INFO [demo-service,,,] 4054 --- [main] org.apache.zookeeper.ZooKeeper           : Client environment:java.version=1.8.0_131
2017-07-14 08:03:56.773  INFO [demo-service,,,] 4054 --- [main] org.apache.zookeeper.ZooKeeper           : Client environment:java.vendor=Oracle Corporation
2017-07-14 08:03:56.773  INFO [demo-service,,,] 4054 --- [main] org.apache.zookeeper.ZooKeeper           : Client environment:java.home=/usr/lib/jvm/java-8-oracle/jre
2017-07-14 08:03:56.773  INFO [demo-service,,,] 4054 --- [main] org.apache.zookeeper.ZooKeeper           : Client environment:java.class.path=/usr/share/maven/boot/plexus-classworlds-2.x.jar
2017-07-14 08:03:56.773  INFO [demo-service,,,] 4054 --- [main] org.apache.zookeeper.ZooKeeper           : Client environment:java.library.path=/usr/java/packages/lib/amd64:/usr/lib64:/lib64:/lib:/usr/lib
2017-07-14 08:03:56.774  INFO [demo-service,,,] 4054 --- [main] org.apache.zookeeper.ZooKeeper           : Client environment:java.io.tmpdir=/tmp
2017-07-14 08:03:56.775  INFO [demo-service,,,] 4054 --- [main] org.apache.zookeeper.ZooKeeper           : Client environment:java.compiler=<NA>
2017-07-14 08:03:56.775  INFO [demo-service,,,] 4054 --- [main] org.apache.zookeeper.ZooKeeper           : Client environment:os.name=Linux
2017-07-14 08:03:56.775  INFO [demo-service,,,] 4054 --- [main] org.apache.zookeeper.ZooKeeper           : Client environment:os.arch=amd64
2017-07-14 08:03:56.775  INFO [demo-service,,,] 4054 --- [main] org.apache.zookeeper.ZooKeeper           : Client environment:os.version=3.16.0-4-amd64
2017-07-14 08:03:56.775  INFO [demo-service,,,] 4054 --- [main] org.apache.zookeeper.ZooKeeper           : Client environment:user.name=root
2017-07-14 08:03:56.776  INFO [demo-service,,,] 4054 --- [main] org.apache.zookeeper.ZooKeeper           : Client environment:user.home=/root
2017-07-14 08:03:56.776  INFO [demo-service,,,] 4054 --- [main] org.apache.zookeeper.ZooKeeper           : Client environment:user.dir=/home/volivattamjaadu/tracing-demo-repo/demo-service
2017-07-14 08:03:56.777  INFO [demo-service,,,] 4054 --- [main] org.apache.zookeeper.ZooKeeper           : Initiating client connection, connectString=localhost:2181 sessionTimeout=10000 watcher=org.I0Itec.zkclient.ZkClient@55b165d0
2017-07-14 08:03:56.795  INFO [demo-service,,,] 4054 --- [main-SendThread(localhost:2181)] org.apache.zookeeper.ClientCnxn          : Opening socket connection to server localhost/127.0.0.1:2181. Will not attempt to authenticate using SASL (unknown error)
2017-07-14 08:03:56.802  INFO [demo-service,,,] 4054 --- [main-SendThread(localhost:2181)] org.apache.zookeeper.ClientCnxn          : Socket connection established to localhost/127.0.0.1:2181, initiating session
2017-07-14 08:03:56.809  INFO [demo-service,,,] 4054 --- [main-SendThread(localhost:2181)] org.apache.zookeeper.ClientCnxn          : Session establishment complete on server localhost/127.0.0.1:2181, sessionid = 0x15d40096fba0009, negotiated timeout = 10000
2017-07-14 08:03:57.519  INFO [demo-service,,,] 4054 --- [main-EventThread] org.apache.zookeeper.ClientCnxn          : EventThread shut down for session: 0x15d40096fba0009
2017-07-14 08:03:57.520  INFO [demo-service,,,] 4054 --- [main] org.apache.zookeeper.ZooKeeper           : Session: 0x15d40096fba0009 closed
2017-07-14 08:03:57.525  INFO [demo-service,,,] 4054 --- [main] org.apache.zookeeper.ZooKeeper           : Initiating client connection, connectString=localhost:2181 sessionTimeout=10000 watcher=org.I0Itec.zkclient.ZkClient@e069f31
2017-07-14 08:03:57.531  INFO [demo-service,,,] 4054 --- [main-SendThread(localhost:2181)] org.apache.zookeeper.ClientCnxn          : Opening socket connection to server localhost/127.0.0.1:2181. Will not attempt to authenticate using SASL (unknown error)
2017-07-14 08:03:57.532  INFO [demo-service,,,] 4054 --- [main-SendThread(localhost:2181)] org.apache.zookeeper.ClientCnxn          : Socket connection established to localhost/127.0.0.1:2181, initiating session
2017-07-14 08:03:57.539  INFO [demo-service,,,] 4054 --- [main-SendThread(localhost:2181)] org.apache.zookeeper.ClientCnxn          : Session establishment complete on server localhost/127.0.0.1:2181, sessionid = 0x15d40096fba000a, negotiated timeout = 10000
2017-07-14 08:03:57.599  INFO [demo-service,,,] 4054 --- [main] o.a.k.clients.producer.ProducerConfig    : ProducerConfig values: 
	acks = 1
	batch.size = 16384
	block.on.buffer.full = false
	bootstrap.servers = [localhost:9092]
	buffer.memory = 33554432
	client.id = 
	compression.type = none
	connections.max.idle.ms = 540000
	interceptor.classes = null
	key.serializer = class org.apache.kafka.common.serialization.ByteArraySerializer
	linger.ms = 0
	max.block.ms = 60000
	max.in.flight.requests.per.connection = 5
	max.request.size = 1048576
	metadata.fetch.timeout.ms = 60000
	metadata.max.age.ms = 300000
	metric.reporters = []
	metrics.num.samples = 2
	metrics.sample.window.ms = 30000
	partitioner.class = class org.apache.kafka.clients.producer.internals.DefaultPartitioner
	receive.buffer.bytes = 32768
	reconnect.backoff.ms = 50
	request.timeout.ms = 30000
	retries = 0
	retry.backoff.ms = 100
	sasl.kerberos.kinit.cmd = /usr/bin/kinit
	sasl.kerberos.min.time.before.relogin = 60000
	sasl.kerberos.service.name = null
	sasl.kerberos.ticket.renew.jitter = 0.05
	sasl.kerberos.ticket.renew.window.factor = 0.8
	sasl.mechanism = GSSAPI
	security.protocol = PLAINTEXT
	send.buffer.bytes = 131072
	ssl.cipher.suites = null
	ssl.enabled.protocols = [TLSv1.2, TLSv1.1, TLSv1]
	ssl.endpoint.identification.algorithm = null
	ssl.key.password = null
	ssl.keymanager.algorithm = SunX509
	ssl.keystore.location = null
	ssl.keystore.password = null
	ssl.keystore.type = JKS
	ssl.protocol = TLS
	ssl.provider = null
	ssl.secure.random.implementation = null
	ssl.trustmanager.algorithm = PKIX
	ssl.truststore.location = null
	ssl.truststore.password = null
	ssl.truststore.type = JKS
	timeout.ms = 30000
	value.serializer = class org.apache.kafka.common.serialization.ByteArraySerializer

2017-07-14 08:03:57.605  INFO [demo-service,,,] 4054 --- [main] o.a.k.clients.producer.ProducerConfig    : ProducerConfig values: 
	acks = 1
	batch.size = 16384
	block.on.buffer.full = false
	bootstrap.servers = [localhost:9092]
	buffer.memory = 33554432
	client.id = producer-1
	compression.type = none
	connections.max.idle.ms = 540000
	interceptor.classes = null
	key.serializer = class org.apache.kafka.common.serialization.ByteArraySerializer
	linger.ms = 0
	max.block.ms = 60000
	max.in.flight.requests.per.connection = 5
	max.request.size = 1048576
	metadata.fetch.timeout.ms = 60000
	metadata.max.age.ms = 300000
	metric.reporters = []
	metrics.num.samples = 2
	metrics.sample.window.ms = 30000
	partitioner.class = class org.apache.kafka.clients.producer.internals.DefaultPartitioner
	receive.buffer.bytes = 32768
	reconnect.backoff.ms = 50
	request.timeout.ms = 30000
	retries = 0
	retry.backoff.ms = 100
	sasl.kerberos.kinit.cmd = /usr/bin/kinit
	sasl.kerberos.min.time.before.relogin = 60000
	sasl.kerberos.service.name = null
	sasl.kerberos.ticket.renew.jitter = 0.05
	sasl.kerberos.ticket.renew.window.factor = 0.8
	sasl.mechanism = GSSAPI
	security.protocol = PLAINTEXT
	send.buffer.bytes = 131072
	ssl.cipher.suites = null
	ssl.enabled.protocols = [TLSv1.2, TLSv1.1, TLSv1]
	ssl.endpoint.identification.algorithm = null
	ssl.key.password = null
	ssl.keymanager.algorithm = SunX509
	ssl.keystore.location = null
	ssl.keystore.password = null
	ssl.keystore.type = JKS
	ssl.protocol = TLS
	ssl.provider = null
	ssl.secure.random.implementation = null
	ssl.trustmanager.algorithm = PKIX
	ssl.truststore.location = null
	ssl.truststore.password = null
	ssl.truststore.type = JKS
	timeout.ms = 30000
	value.serializer = class org.apache.kafka.common.serialization.ByteArraySerializer

2017-07-14 08:03:57.669  WARN [demo-service,,,] 4054 --- [main] o.a.k.clients.producer.ProducerConfig    : The configuration 'key.deserializer' was supplied but isn't a known config.
2017-07-14 08:03:57.669  WARN [demo-service,,,] 4054 --- [main] o.a.k.clients.producer.ProducerConfig    : The configuration 'value.deserializer' was supplied but isn't a known config.
2017-07-14 08:03:57.670  INFO [demo-service,,,] 4054 --- [main] o.a.kafka.common.utils.AppInfoParser     : Kafka version : 0.10.1.1
2017-07-14 08:03:57.670  INFO [demo-service,,,] 4054 --- [main] o.a.kafka.common.utils.AppInfoParser     : Kafka commitId : f10ef2720b03b247
2017-07-14 08:03:57.782  INFO [demo-service,,,] 4054 --- [main] o.s.integration.channel.DirectChannel    : Channel 'demo-service:5001.sleuth' has 1 subscriber(s).
2017-07-14 08:03:57.784  INFO [demo-service,,,] 4054 --- [main] o.s.c.support.DefaultLifecycleProcessor  : Starting beans in phase 0
2017-07-14 08:03:57.890  INFO [demo-service,,,] 4054 --- [main] o.s.i.endpoint.EventDrivenConsumer       : Adding {logging-channel-adapter:_org.springframework.integration.errorLogger} as a subscriber to the 'errorChannel' channel
2017-07-14 08:03:57.891  INFO [demo-service,,,] 4054 --- [main] o.s.i.channel.PublishSubscribeChannel    : Channel 'demo-service:5001.errorChannel' has 1 subscriber(s).
2017-07-14 08:03:57.891  INFO [demo-service,,,] 4054 --- [main] o.s.i.endpoint.EventDrivenConsumer       : started _org.springframework.integration.errorLogger
2017-07-14 08:03:57.925  INFO [demo-service,,,] 4054 --- [main] o.s.i.e.SourcePollingChannelAdapter      : started sleuthStreamSpanReporter.poll.inboundChannelAdapter
2017-07-14 08:03:57.925  INFO [demo-service,,,] 4054 --- [main] o.s.c.support.DefaultLifecycleProcessor  : Starting beans in phase 2147482647
2017-07-14 08:03:57.926  INFO [demo-service,,,] 4054 --- [main] o.s.c.support.DefaultLifecycleProcessor  : Starting beans in phase 2147483647
2017-07-14 08:03:58.050  INFO [demo-service,,,] 4054 --- [main] b.c.e.u.UndertowEmbeddedServletContainer : Undertow started on port(s) 5001 (http)
2017-07-14 08:03:58.061  INFO [demo-service,,,] 4054 --- [main] com.demo.main.Application                : Started Application in 19.275 seconds (JVM running for 25.633)
2017-07-14 08:10:32.618 DEBUG [demo-service,,,] 4054 --- [XNIO-2 task-1] o.s.c.sleuth.instrument.web.TraceFilter  : Initializing filter 'traceFilter'
2017-07-14 08:10:32.619 DEBUG [demo-service,,,] 4054 --- [XNIO-2 task-1] o.s.c.sleuth.instrument.web.TraceFilter  : Filter 'traceFilter' configured successfully
2017-07-14 08:10:32.620 DEBUG [demo-service,,,] 4054 --- [XNIO-2 task-1] o.s.c.sleuth.instrument.web.TraceFilter  : Received a request to uri [/customer] that should not be sampled [false]
2017-07-14 08:10:32.633 DEBUG [demo-service,,,] 4054 --- [XNIO-2 task-1] o.s.c.sleuth.instrument.web.TraceFilter  : Found a parent span [Trace: 0d6791eca5966a4f, Span: 37a5ec134a83dc6c, Parent: fadec79730db004b, exportable:true] in the request
2017-07-14 08:10:32.643 DEBUG [demo-service,0d6791eca5966a4f,37a5ec134a83dc6c,true] 4054 --- [XNIO-2 task-1] o.s.c.sleuth.instrument.web.TraceFilter  : Parent span is [Trace: 0d6791eca5966a4f, Span: 37a5ec134a83dc6c, Parent: fadec79730db004b, exportable:true]
2017-07-14 08:10:32.677  INFO [demo-service,0d6791eca5966a4f,37a5ec134a83dc6c,true] 4054 --- [XNIO-2 task-1] io.undertow.servlet                      : Initializing Spring FrameworkServlet 'dispatcherServlet'
2017-07-14 08:10:32.685  INFO [demo-service,0d6791eca5966a4f,37a5ec134a83dc6c,true] 4054 --- [XNIO-2 task-1] o.s.web.servlet.DispatcherServlet        : FrameworkServlet 'dispatcherServlet': initialization started
2017-07-14 08:10:32.871  INFO [demo-service,0d6791eca5966a4f,37a5ec134a83dc6c,true] 4054 --- [XNIO-2 task-1] o.s.web.servlet.DispatcherServlet        : FrameworkServlet 'dispatcherServlet': initialization completed in 186 ms
2017-07-14 08:10:32.904 DEBUG [demo-service,0d6791eca5966a4f,37a5ec134a83dc6c,true] 4054 --- [XNIO-2 task-1] o.s.c.s.i.web.TraceHandlerInterceptor    : Handling span [Trace: 0d6791eca5966a4f, Span: 37a5ec134a83dc6c, Parent: fadec79730db004b, exportable:true]
2017-07-14 08:10:32.910 DEBUG [demo-service,0d6791eca5966a4f,37a5ec134a83dc6c,true] 4054 --- [XNIO-2 task-1] o.s.c.s.i.web.TraceHandlerInterceptor    : Adding a method tag with value [getCustomerByCustomerNo] to a span [Trace: 0d6791eca5966a4f, Span: 37a5ec134a83dc6c, Parent: fadec79730db004b, exportable:true]
2017-07-14 08:10:32.911 DEBUG [demo-service,0d6791eca5966a4f,37a5ec134a83dc6c,true] 4054 --- [XNIO-2 task-1] o.s.c.s.i.web.TraceHandlerInterceptor    : Adding a class tag with value [Application] to a span [Trace: 0d6791eca5966a4f, Span: 37a5ec134a83dc6c, Parent: fadec79730db004b, exportable:true]
2017-07-14 08:10:32.933  INFO [demo-service,0d6791eca5966a4f,37a5ec134a83dc6c,true] 4054 --- [XNIO-2 task-1] com.demo.main.Application                : Inside demo-service
2017-07-14 08:10:33.104 DEBUG [demo-service,0d6791eca5966a4f,37a5ec134a83dc6c,true] 4054 --- [XNIO-2 task-1] o.s.c.sleuth.instrument.web.TraceFilter  : Trying to send the parent span [Trace: 0d6791eca5966a4f, Span: 37a5ec134a83dc6c, Parent: fadec79730db004b, exportable:true] to Zipkin
2017-07-14 08:10:33.114 DEBUG [demo-service,0d6791eca5966a4f,37a5ec134a83dc6c,true] 4054 --- [XNIO-2 task-1] o.s.c.sleuth.instrument.web.TraceFilter  : Closing the span [Trace: 0d6791eca5966a4f, Span: 37a5ec134a83dc6c, Parent: fadec79730db004b, exportable:true] since the response was successful
2017-07-14 08:10:34.025 DEBUG [demo-service,,,] 4054 --- [task-scheduler-3] o.s.c.sleuth.stream.StreamSpanReporter   : Processed [1] spans
2017-07-14 08:10:34.026 DEBUG [demo-service,,,] 4054 --- [task-scheduler-3] o.s.c.s.s.ServerPropertiesHostLocator    : Span will contain serviceName [demo-service]
2017-07-14 08:10:34.078  INFO [demo-service,cdaa190e57cc0a02,cdaa190e57cc0a02,false] 4054 --- [task-scheduler-3] o.s.i.codec.kryo.CompositeKryoRegistrar  : registering [40, java.io.File] with serializer org.springframework.integration.codec.kryo.FileSerializer
2017-07-14 08:10:34.309 DEBUG [demo-service,cdaa190e57cc0a02,cdaa190e57cc0a02,false] 4054 --- [task-scheduler-3] o.s.c.sleuth.stream.StreamSpanReporter   : The span [Trace: cdaa190e57cc0a02, Span: cdaa190e57cc0a02, Parent: null, exportable:false] will not be sent to Zipkin due to sampling
2017-07-14 08:11:05.418 DEBUG [demo-service,,,] 4054 --- [XNIO-2 task-2] o.s.c.sleuth.instrument.web.TraceFilter  : Received a request to uri [/customer] that should not be sampled [false]
2017-07-14 08:11:05.420 DEBUG [demo-service,,,] 4054 --- [XNIO-2 task-2] o.s.c.sleuth.instrument.web.TraceFilter  : Found a parent span [Trace: af443b2a8471f828, Span: 5bdd4f0093d5c861, Parent: c5a76564d7d3619d, exportable:true] in the request
2017-07-14 08:11:05.421 DEBUG [demo-service,af443b2a8471f828,5bdd4f0093d5c861,true] 4054 --- [XNIO-2 task-2] o.s.c.sleuth.instrument.web.TraceFilter  : Parent span is [Trace: af443b2a8471f828, Span: 5bdd4f0093d5c861, Parent: c5a76564d7d3619d, exportable:true]
2017-07-14 08:11:05.431 DEBUG [demo-service,af443b2a8471f828,5bdd4f0093d5c861,true] 4054 --- [XNIO-2 task-2] o.s.c.s.i.web.TraceHandlerInterceptor    : Handling span [Trace: af443b2a8471f828, Span: 5bdd4f0093d5c861, Parent: c5a76564d7d3619d, exportable:true]
2017-07-14 08:11:05.435 DEBUG [demo-service,af443b2a8471f828,5bdd4f0093d5c861,true] 4054 --- [XNIO-2 task-2] o.s.c.s.i.web.TraceHandlerInterceptor    : Adding a method tag with value [getCustomerByCustomerNo] to a span [Trace: af443b2a8471f828, Span: 5bdd4f0093d5c861, Parent: c5a76564d7d3619d, exportable:true]
2017-07-14 08:11:05.436 DEBUG [demo-service,af443b2a8471f828,5bdd4f0093d5c861,true] 4054 --- [XNIO-2 task-2] o.s.c.s.i.web.TraceHandlerInterceptor    : Adding a class tag with value [Application] to a span [Trace: af443b2a8471f828, Span: 5bdd4f0093d5c861, Parent: c5a76564d7d3619d, exportable:true]
2017-07-14 08:11:05.436  INFO [demo-service,af443b2a8471f828,5bdd4f0093d5c861,true] 4054 --- [XNIO-2 task-2] com.demo.main.Application                : Inside demo-service
2017-07-14 08:11:05.441 DEBUG [demo-service,af443b2a8471f828,5bdd4f0093d5c861,true] 4054 --- [XNIO-2 task-2] o.s.c.sleuth.instrument.web.TraceFilter  : Trying to send the parent span [Trace: af443b2a8471f828, Span: 5bdd4f0093d5c861, Parent: c5a76564d7d3619d, exportable:true] to Zipkin
2017-07-14 08:11:05.461 DEBUG [demo-service,af443b2a8471f828,5bdd4f0093d5c861,true] 4054 --- [XNIO-2 task-2] o.s.c.sleuth.instrument.web.TraceFilter  : Closing the span [Trace: af443b2a8471f828, Span: 5bdd4f0093d5c861, Parent: c5a76564d7d3619d, exportable:true] since the response was successful
2017-07-14 08:11:06.321 DEBUG [demo-service,,,] 4054 --- [task-scheduler-6] o.s.c.sleuth.stream.StreamSpanReporter   : Processed [1] spans
2017-07-14 08:11:06.322 DEBUG [demo-service,,,] 4054 --- [task-scheduler-6] o.s.c.s.s.ServerPropertiesHostLocator    : Span will contain serviceName [demo-service]
2017-07-14 08:11:06.344 DEBUG [demo-service,7ca74fbc20109de9,7ca74fbc20109de9,false] 4054 --- [task-scheduler-6] o.s.c.sleuth.stream.StreamSpanReporter   : The span [Trace: 7ca74fbc20109de9, Span: 7ca74fbc20109de9, Parent: null, exportable:false] will not be sent to Zipkin due to sampling
2017-07-14 08:11:07.376 DEBUG [demo-service,,,] 4054 --- [XNIO-2 task-3] o.s.c.sleuth.instrument.web.TraceFilter  : Received a request to uri [/customer] that should not be sampled [false]
2017-07-14 08:11:07.381 DEBUG [demo-service,,,] 4054 --- [XNIO-2 task-3] o.s.c.sleuth.instrument.web.TraceFilter  : Found a parent span [Trace: 088c557e11f38e67, Span: 94c24b671c1ac700, Parent: 6f15b976097e9c62, exportable:true] in the request
2017-07-14 08:11:07.382 DEBUG [demo-service,088c557e11f38e67,94c24b671c1ac700,true] 4054 --- [XNIO-2 task-3] o.s.c.sleuth.instrument.web.TraceFilter  : Parent span is [Trace: 088c557e11f38e67, Span: 94c24b671c1ac700, Parent: 6f15b976097e9c62, exportable:true]
2017-07-14 08:11:07.388 DEBUG [demo-service,088c557e11f38e67,94c24b671c1ac700,true] 4054 --- [XNIO-2 task-3] o.s.c.s.i.web.TraceHandlerInterceptor    : Handling span [Trace: 088c557e11f38e67, Span: 94c24b671c1ac700, Parent: 6f15b976097e9c62, exportable:true]
2017-07-14 08:11:07.392 DEBUG [demo-service,088c557e11f38e67,94c24b671c1ac700,true] 4054 --- [XNIO-2 task-3] o.s.c.s.i.web.TraceHandlerInterceptor    : Adding a method tag with value [getCustomerByCustomerNo] to a span [Trace: 088c557e11f38e67, Span: 94c24b671c1ac700, Parent: 6f15b976097e9c62, exportable:true]
2017-07-14 08:11:07.393 DEBUG [demo-service,088c557e11f38e67,94c24b671c1ac700,true] 4054 --- [XNIO-2 task-3] o.s.c.s.i.web.TraceHandlerInterceptor    : Adding a class tag with value [Application] to a span [Trace: 088c557e11f38e67, Span: 94c24b671c1ac700, Parent: 6f15b976097e9c62, exportable:true]
2017-07-14 08:11:07.397  INFO [demo-service,088c557e11f38e67,94c24b671c1ac700,true] 4054 --- [XNIO-2 task-3] com.demo.main.Application                : Inside demo-service
2017-07-14 08:11:07.411 DEBUG [demo-service,088c557e11f38e67,94c24b671c1ac700,true] 4054 --- [XNIO-2 task-3] o.s.c.sleuth.instrument.web.TraceFilter  : Trying to send the parent span [Trace: 088c557e11f38e67, Span: 94c24b671c1ac700, Parent: 6f15b976097e9c62, exportable:true] to Zipkin
2017-07-14 08:11:07.420 DEBUG [demo-service,088c557e11f38e67,94c24b671c1ac700,true] 4054 --- [XNIO-2 task-3] o.s.c.sleuth.instrument.web.TraceFilter  : Closing the span [Trace: 088c557e11f38e67, Span: 94c24b671c1ac700, Parent: 6f15b976097e9c62, exportable:true] since the response was successful
2017-07-14 08:11:08.345 DEBUG [demo-service,,,] 4054 --- [task-scheduler-1] o.s.c.sleuth.stream.StreamSpanReporter   : Processed [1] spans
2017-07-14 08:11:08.346 DEBUG [demo-service,,,] 4054 --- [task-scheduler-1] o.s.c.s.s.ServerPropertiesHostLocator    : Span will contain serviceName [demo-service]
2017-07-14 08:11:08.359 DEBUG [demo-service,66737427cd410747,66737427cd410747,false] 4054 --- [task-scheduler-1] o.s.c.sleuth.stream.StreamSpanReporter   : The span [Trace: 66737427cd410747, Span: 66737427cd410747, Parent: null, exportable:false] will not be sent to Zipkin due to sampling
2017-07-14 08:11:09.041 DEBUG [demo-service,,,] 4054 --- [XNIO-2 task-4] o.s.c.sleuth.instrument.web.TraceFilter  : Received a request to uri [/customer] that should not be sampled [false]
2017-07-14 08:11:09.042 DEBUG [demo-service,,,] 4054 --- [XNIO-2 task-4] o.s.c.sleuth.instrument.web.TraceFilter  : Found a parent span [Trace: 8739baab45ba1bd3, Span: 2d3133df40142219, Parent: c5fd4cffe5bb2270, exportable:true] in the request
2017-07-14 08:11:09.043 DEBUG [demo-service,8739baab45ba1bd3,2d3133df40142219,true] 4054 --- [XNIO-2 task-4] o.s.c.sleuth.instrument.web.TraceFilter  : Parent span is [Trace: 8739baab45ba1bd3, Span: 2d3133df40142219, Parent: c5fd4cffe5bb2270, exportable:true]
2017-07-14 08:11:09.063 DEBUG [demo-service,8739baab45ba1bd3,2d3133df40142219,true] 4054 --- [XNIO-2 task-4] o.s.c.s.i.web.TraceHandlerInterceptor    : Handling span [Trace: 8739baab45ba1bd3, Span: 2d3133df40142219, Parent: c5fd4cffe5bb2270, exportable:true]
2017-07-14 08:11:09.063 DEBUG [demo-service,8739baab45ba1bd3,2d3133df40142219,true] 4054 --- [XNIO-2 task-4] o.s.c.s.i.web.TraceHandlerInterceptor    : Adding a method tag with value [getCustomerByCustomerNo] to a span [Trace: 8739baab45ba1bd3, Span: 2d3133df40142219, Parent: c5fd4cffe5bb2270, exportable:true]
2017-07-14 08:11:09.063 DEBUG [demo-service,8739baab45ba1bd3,2d3133df40142219,true] 4054 --- [XNIO-2 task-4] o.s.c.s.i.web.TraceHandlerInterceptor    : Adding a class tag with value [Application] to a span [Trace: 8739baab45ba1bd3, Span: 2d3133df40142219, Parent: c5fd4cffe5bb2270, exportable:true]
2017-07-14 08:11:09.063  INFO [demo-service,8739baab45ba1bd3,2d3133df40142219,true] 4054 --- [XNIO-2 task-4] com.demo.main.Application                : Inside demo-service
2017-07-14 08:11:09.072 DEBUG [demo-service,8739baab45ba1bd3,2d3133df40142219,true] 4054 --- [XNIO-2 task-4] o.s.c.sleuth.instrument.web.TraceFilter  : Trying to send the parent span [Trace: 8739baab45ba1bd3, Span: 2d3133df40142219, Parent: c5fd4cffe5bb2270, exportable:true] to Zipkin
2017-07-14 08:11:09.085 DEBUG [demo-service,8739baab45ba1bd3,2d3133df40142219,true] 4054 --- [XNIO-2 task-4] o.s.c.sleuth.instrument.web.TraceFilter  : Closing the span [Trace: 8739baab45ba1bd3, Span: 2d3133df40142219, Parent: c5fd4cffe5bb2270, exportable:true] since the response was successful
2017-07-14 08:11:09.363 DEBUG [demo-service,,,] 4054 --- [task-scheduler-5] o.s.c.sleuth.stream.StreamSpanReporter   : Processed [1] spans
2017-07-14 08:11:09.364 DEBUG [demo-service,,,] 4054 --- [task-scheduler-5] o.s.c.s.s.ServerPropertiesHostLocator    : Span will contain serviceName [demo-service]
2017-07-14 08:11:09.388 DEBUG [demo-service,a35aa1108a59fee2,a35aa1108a59fee2,false] 4054 --- [task-scheduler-5] o.s.c.sleuth.stream.StreamSpanReporter   : The span [Trace: a35aa1108a59fee2, Span: a35aa1108a59fee2, Parent: null, exportable:false] will not be sent to Zipkin due to sampling
2017-07-14 08:11:36.326 DEBUG [demo-service,,,] 4054 --- [XNIO-2 task-5] o.s.c.sleuth.instrument.web.TraceFilter  : Received a request to uri [/customer] that should not be sampled [false]
2017-07-14 08:11:36.327 DEBUG [demo-service,,,] 4054 --- [XNIO-2 task-5] o.s.c.sleuth.instrument.web.TraceFilter  : Found a parent span [Trace: 413328c42d52d0bb, Span: b1fc2cc1a106a446, Parent: 5cd9b6e2977d0842, exportable:true] in the request
2017-07-14 08:11:36.327 DEBUG [demo-service,413328c42d52d0bb,b1fc2cc1a106a446,true] 4054 --- [XNIO-2 task-5] o.s.c.sleuth.instrument.web.TraceFilter  : Parent span is [Trace: 413328c42d52d0bb, Span: b1fc2cc1a106a446, Parent: 5cd9b6e2977d0842, exportable:true]
2017-07-14 08:11:36.347 DEBUG [demo-service,413328c42d52d0bb,b1fc2cc1a106a446,true] 4054 --- [XNIO-2 task-5] o.s.c.s.i.web.TraceHandlerInterceptor    : Handling span [Trace: 413328c42d52d0bb, Span: b1fc2cc1a106a446, Parent: 5cd9b6e2977d0842, exportable:true]
2017-07-14 08:11:36.350 DEBUG [demo-service,413328c42d52d0bb,b1fc2cc1a106a446,true] 4054 --- [XNIO-2 task-5] o.s.c.s.i.web.TraceHandlerInterceptor    : Adding a method tag with value [getCustomerByCustomerNo] to a span [Trace: 413328c42d52d0bb, Span: b1fc2cc1a106a446, Parent: 5cd9b6e2977d0842, exportable:true]
2017-07-14 08:11:36.351 DEBUG [demo-service,413328c42d52d0bb,b1fc2cc1a106a446,true] 4054 --- [XNIO-2 task-5] o.s.c.s.i.web.TraceHandlerInterceptor    : Adding a class tag with value [Application] to a span [Trace: 413328c42d52d0bb, Span: b1fc2cc1a106a446, Parent: 5cd9b6e2977d0842, exportable:true]
2017-07-14 08:11:36.352  INFO [demo-service,413328c42d52d0bb,b1fc2cc1a106a446,true] 4054 --- [XNIO-2 task-5] com.demo.main.Application                : Inside demo-service
2017-07-14 08:11:36.359 DEBUG [demo-service,413328c42d52d0bb,b1fc2cc1a106a446,true] 4054 --- [XNIO-2 task-5] o.s.c.sleuth.instrument.web.TraceFilter  : Trying to send the parent span [Trace: 413328c42d52d0bb, Span: b1fc2cc1a106a446, Parent: 5cd9b6e2977d0842, exportable:true] to Zipkin
2017-07-14 08:11:36.370 DEBUG [demo-service,413328c42d52d0bb,b1fc2cc1a106a446,true] 4054 --- [XNIO-2 task-5] o.s.c.sleuth.instrument.web.TraceFilter  : Closing the span [Trace: 413328c42d52d0bb, Span: b1fc2cc1a106a446, Parent: 5cd9b6e2977d0842, exportable:true] since the response was successful
2017-07-14 08:11:36.397 DEBUG [demo-service,,,] 4054 --- [task-scheduler-10] o.s.c.sleuth.stream.StreamSpanReporter   : Processed [1] spans
2017-07-14 08:11:36.397 DEBUG [demo-service,,,] 4054 --- [task-scheduler-10] o.s.c.s.s.ServerPropertiesHostLocator    : Span will contain serviceName [demo-service]
2017-07-14 08:11:36.415 DEBUG [demo-service,6ad436dcf9654995,6ad436dcf9654995,false] 4054 --- [task-scheduler-10] o.s.c.sleuth.stream.StreamSpanReporter   : The span [Trace: 6ad436dcf9654995, Span: 6ad436dcf9654995, Parent: null, exportable:false] will not be sent to Zipkin due to sampling
2017-07-14 08:11:37.639 DEBUG [demo-service,,,] 4054 --- [XNIO-2 task-6] o.s.c.sleuth.instrument.web.TraceFilter  : Received a request to uri [/customer] that should not be sampled [false]
2017-07-14 08:11:37.646 DEBUG [demo-service,,,] 4054 --- [XNIO-2 task-6] o.s.c.sleuth.instrument.web.TraceFilter  : Found a parent span [Trace: 38087daf7ea1d173, Span: 7231f491dda52040, Parent: 5bb2528ecae43253, exportable:true] in the request
2017-07-14 08:11:37.647 DEBUG [demo-service,38087daf7ea1d173,7231f491dda52040,true] 4054 --- [XNIO-2 task-6] o.s.c.sleuth.instrument.web.TraceFilter  : Parent span is [Trace: 38087daf7ea1d173, Span: 7231f491dda52040, Parent: 5bb2528ecae43253, exportable:true]
2017-07-14 08:11:37.653 DEBUG [demo-service,38087daf7ea1d173,7231f491dda52040,true] 4054 --- [XNIO-2 task-6] o.s.c.s.i.web.TraceHandlerInterceptor    : Handling span [Trace: 38087daf7ea1d173, Span: 7231f491dda52040, Parent: 5bb2528ecae43253, exportable:true]
2017-07-14 08:11:37.657 DEBUG [demo-service,38087daf7ea1d173,7231f491dda52040,true] 4054 --- [XNIO-2 task-6] o.s.c.s.i.web.TraceHandlerInterceptor    : Adding a method tag with value [getCustomerByCustomerNo] to a span [Trace: 38087daf7ea1d173, Span: 7231f491dda52040, Parent: 5bb2528ecae43253, exportable:true]
2017-07-14 08:11:37.657 DEBUG [demo-service,38087daf7ea1d173,7231f491dda52040,true] 4054 --- [XNIO-2 task-6] o.s.c.s.i.web.TraceHandlerInterceptor    : Adding a class tag with value [Application] to a span [Trace: 38087daf7ea1d173, Span: 7231f491dda52040, Parent: 5bb2528ecae43253, exportable:true]
2017-07-14 08:11:37.657  INFO [demo-service,38087daf7ea1d173,7231f491dda52040,true] 4054 --- [XNIO-2 task-6] com.demo.main.Application                : Inside demo-service
2017-07-14 08:11:37.670 DEBUG [demo-service,38087daf7ea1d173,7231f491dda52040,true] 4054 --- [XNIO-2 task-6] o.s.c.sleuth.instrument.web.TraceFilter  : Trying to send the parent span [Trace: 38087daf7ea1d173, Span: 7231f491dda52040, Parent: 5bb2528ecae43253, exportable:true] to Zipkin
2017-07-14 08:11:37.672 DEBUG [demo-service,38087daf7ea1d173,7231f491dda52040,true] 4054 --- [XNIO-2 task-6] o.s.c.sleuth.instrument.web.TraceFilter  : Closing the span [Trace: 38087daf7ea1d173, Span: 7231f491dda52040, Parent: 5bb2528ecae43253, exportable:true] since the response was successful
2017-07-14 08:11:38.417 DEBUG [demo-service,,,] 4054 --- [task-scheduler-5] o.s.c.sleuth.stream.StreamSpanReporter   : Processed [1] spans
2017-07-14 08:11:38.417 DEBUG [demo-service,,,] 4054 --- [task-scheduler-5] o.s.c.s.s.ServerPropertiesHostLocator    : Span will contain serviceName [demo-service]
2017-07-14 08:11:38.434 DEBUG [demo-service,6cb11dfb3242cb4d,6cb11dfb3242cb4d,false] 4054 --- [task-scheduler-5] o.s.c.sleuth.stream.StreamSpanReporter   : The span [Trace: 6cb11dfb3242cb4d, Span: 6cb11dfb3242cb4d, Parent: null, exportable:false] will not be sent to Zipkin due to sampling
2017-07-14 08:11:38.880 DEBUG [demo-service,,,] 4054 --- [XNIO-2 task-7] o.s.c.sleuth.instrument.web.TraceFilter  : Received a request to uri [/customer] that should not be sampled [false]
2017-07-14 08:11:38.881 DEBUG [demo-service,,,] 4054 --- [XNIO-2 task-7] o.s.c.sleuth.instrument.web.TraceFilter  : Found a parent span [Trace: c7b9ed755647e01e, Span: 546d66ed86177b09, Parent: 982ad6f51f1cc97e, exportable:true] in the request
2017-07-14 08:11:38.881 DEBUG [demo-service,c7b9ed755647e01e,546d66ed86177b09,true] 4054 --- [XNIO-2 task-7] o.s.c.sleuth.instrument.web.TraceFilter  : Parent span is [Trace: c7b9ed755647e01e, Span: 546d66ed86177b09, Parent: 982ad6f51f1cc97e, exportable:true]
2017-07-14 08:11:38.888 DEBUG [demo-service,c7b9ed755647e01e,546d66ed86177b09,true] 4054 --- [XNIO-2 task-7] o.s.c.s.i.web.TraceHandlerInterceptor    : Handling span [Trace: c7b9ed755647e01e, Span: 546d66ed86177b09, Parent: 982ad6f51f1cc97e, exportable:true]
2017-07-14 08:11:38.888 DEBUG [demo-service,c7b9ed755647e01e,546d66ed86177b09,true] 4054 --- [XNIO-2 task-7] o.s.c.s.i.web.TraceHandlerInterceptor    : Adding a method tag with value [getCustomerByCustomerNo] to a span [Trace: c7b9ed755647e01e, Span: 546d66ed86177b09, Parent: 982ad6f51f1cc97e, exportable:true]
2017-07-14 08:11:38.888 DEBUG [demo-service,c7b9ed755647e01e,546d66ed86177b09,true] 4054 --- [XNIO-2 task-7] o.s.c.s.i.web.TraceHandlerInterceptor    : Adding a class tag with value [Application] to a span [Trace: c7b9ed755647e01e, Span: 546d66ed86177b09, Parent: 982ad6f51f1cc97e, exportable:true]
2017-07-14 08:11:38.889  INFO [demo-service,c7b9ed755647e01e,546d66ed86177b09,true] 4054 --- [XNIO-2 task-7] com.demo.main.Application                : Inside demo-service
2017-07-14 08:11:38.897 DEBUG [demo-service,c7b9ed755647e01e,546d66ed86177b09,true] 4054 --- [XNIO-2 task-7] o.s.c.sleuth.instrument.web.TraceFilter  : Trying to send the parent span [Trace: c7b9ed755647e01e, Span: 546d66ed86177b09, Parent: 982ad6f51f1cc97e, exportable:true] to Zipkin
2017-07-14 08:11:38.902 DEBUG [demo-service,c7b9ed755647e01e,546d66ed86177b09,true] 4054 --- [XNIO-2 task-7] o.s.c.sleuth.instrument.web.TraceFilter  : Closing the span [Trace: c7b9ed755647e01e, Span: 546d66ed86177b09, Parent: 982ad6f51f1cc97e, exportable:true] since the response was successful
2017-07-14 08:11:39.434 DEBUG [demo-service,,,] 4054 --- [task-scheduler-2] o.s.c.sleuth.stream.StreamSpanReporter   : Processed [1] spans
2017-07-14 08:11:39.435 DEBUG [demo-service,,,] 4054 --- [task-scheduler-2] o.s.c.s.s.ServerPropertiesHostLocator    : Span will contain serviceName [demo-service]
2017-07-14 08:11:39.454 DEBUG [demo-service,8e48fad4da4b876b,8e48fad4da4b876b,false] 4054 --- [task-scheduler-2] o.s.c.sleuth.stream.StreamSpanReporter   : The span [Trace: 8e48fad4da4b876b, Span: 8e48fad4da4b876b, Parent: null, exportable:false] will not be sent to Zipkin due to sampling
2017-07-14 08:11:41.010 DEBUG [demo-service,,,] 4054 --- [XNIO-2 task-8] o.s.c.sleuth.instrument.web.TraceFilter  : Received a request to uri [/customer] that should not be sampled [false]
2017-07-14 08:11:41.011 DEBUG [demo-service,,,] 4054 --- [XNIO-2 task-8] o.s.c.sleuth.instrument.web.TraceFilter  : Found a parent span [Trace: 6e7e2652fcffda86, Span: 2d64f39cd8151a37, Parent: 8b4c7eb79c8e5443, exportable:true] in the request
2017-07-14 08:11:41.011 DEBUG [demo-service,6e7e2652fcffda86,2d64f39cd8151a37,true] 4054 --- [XNIO-2 task-8] o.s.c.sleuth.instrument.web.TraceFilter  : Parent span is [Trace: 6e7e2652fcffda86, Span: 2d64f39cd8151a37, Parent: 8b4c7eb79c8e5443, exportable:true]
2017-07-14 08:11:41.028 DEBUG [demo-service,6e7e2652fcffda86,2d64f39cd8151a37,true] 4054 --- [XNIO-2 task-8] o.s.c.s.i.web.TraceHandlerInterceptor    : Handling span [Trace: 6e7e2652fcffda86, Span: 2d64f39cd8151a37, Parent: 8b4c7eb79c8e5443, exportable:true]
2017-07-14 08:11:41.039 DEBUG [demo-service,6e7e2652fcffda86,2d64f39cd8151a37,true] 4054 --- [XNIO-2 task-8] o.s.c.s.i.web.TraceHandlerInterceptor    : Adding a method tag with value [getCustomerByCustomerNo] to a span [Trace: 6e7e2652fcffda86, Span: 2d64f39cd8151a37, Parent: 8b4c7eb79c8e5443, exportable:true]
2017-07-14 08:11:41.039 DEBUG [demo-service,6e7e2652fcffda86,2d64f39cd8151a37,true] 4054 --- [XNIO-2 task-8] o.s.c.s.i.web.TraceHandlerInterceptor    : Adding a class tag with value [Application] to a span [Trace: 6e7e2652fcffda86, Span: 2d64f39cd8151a37, Parent: 8b4c7eb79c8e5443, exportable:true]
2017-07-14 08:11:41.039  INFO [demo-service,6e7e2652fcffda86,2d64f39cd8151a37,true] 4054 --- [XNIO-2 task-8] com.demo.main.Application                : Inside demo-service
2017-07-14 08:11:41.050 DEBUG [demo-service,6e7e2652fcffda86,2d64f39cd8151a37,true] 4054 --- [XNIO-2 task-8] o.s.c.sleuth.instrument.web.TraceFilter  : Trying to send the parent span [Trace: 6e7e2652fcffda86, Span: 2d64f39cd8151a37, Parent: 8b4c7eb79c8e5443, exportable:true] to Zipkin
2017-07-14 08:11:41.052 DEBUG [demo-service,6e7e2652fcffda86,2d64f39cd8151a37,true] 4054 --- [XNIO-2 task-8] o.s.c.sleuth.instrument.web.TraceFilter  : Closing the span [Trace: 6e7e2652fcffda86, Span: 2d64f39cd8151a37, Parent: 8b4c7eb79c8e5443, exportable:true] since the response was successful
2017-07-14 08:11:41.461 DEBUG [demo-service,,,] 4054 --- [task-scheduler-7] o.s.c.sleuth.stream.StreamSpanReporter   : Processed [1] spans
2017-07-14 08:11:41.462 DEBUG [demo-service,,,] 4054 --- [task-scheduler-7] o.s.c.s.s.ServerPropertiesHostLocator    : Span will contain serviceName [demo-service]
2017-07-14 08:11:41.478 DEBUG [demo-service,8807ccecb47c4af6,8807ccecb47c4af6,false] 4054 --- [task-scheduler-7] o.s.c.sleuth.stream.StreamSpanReporter   : The span [Trace: 8807ccecb47c4af6, Span: 8807ccecb47c4af6, Parent: null, exportable:false] will not be sent to Zipkin due to sampling
2017-07-14 08:11:41.497 DEBUG [demo-service,,,] 4054 --- [XNIO-2 task-9] o.s.c.sleuth.instrument.web.TraceFilter  : Received a request to uri [/customer] that should not be sampled [false]
2017-07-14 08:11:41.497 DEBUG [demo-service,,,] 4054 --- [XNIO-2 task-9] o.s.c.sleuth.instrument.web.TraceFilter  : Found a parent span [Trace: 27f6008f02f5422a, Span: 08d5c009f880375a, Parent: ac59109a9293230d, exportable:true] in the request
2017-07-14 08:11:41.497 DEBUG [demo-service,27f6008f02f5422a,08d5c009f880375a,true] 4054 --- [XNIO-2 task-9] o.s.c.sleuth.instrument.web.TraceFilter  : Parent span is [Trace: 27f6008f02f5422a, Span: 08d5c009f880375a, Parent: ac59109a9293230d, exportable:true]
2017-07-14 08:11:41.510 DEBUG [demo-service,27f6008f02f5422a,08d5c009f880375a,true] 4054 --- [XNIO-2 task-9] o.s.c.s.i.web.TraceHandlerInterceptor    : Handling span [Trace: 27f6008f02f5422a, Span: 08d5c009f880375a, Parent: ac59109a9293230d, exportable:true]
2017-07-14 08:11:41.517 DEBUG [demo-service,27f6008f02f5422a,08d5c009f880375a,true] 4054 --- [XNIO-2 task-9] o.s.c.s.i.web.TraceHandlerInterceptor    : Adding a method tag with value [getCustomerByCustomerNo] to a span [Trace: 27f6008f02f5422a, Span: 08d5c009f880375a, Parent: ac59109a9293230d, exportable:true]
2017-07-14 08:11:41.517 DEBUG [demo-service,27f6008f02f5422a,08d5c009f880375a,true] 4054 --- [XNIO-2 task-9] o.s.c.s.i.web.TraceHandlerInterceptor    : Adding a class tag with value [Application] to a span [Trace: 27f6008f02f5422a, Span: 08d5c009f880375a, Parent: ac59109a9293230d, exportable:true]
2017-07-14 08:11:41.518  INFO [demo-service,27f6008f02f5422a,08d5c009f880375a,true] 4054 --- [XNIO-2 task-9] com.demo.main.Application                : Inside demo-service
2017-07-14 08:11:41.532 DEBUG [demo-service,27f6008f02f5422a,08d5c009f880375a,true] 4054 --- [XNIO-2 task-9] o.s.c.sleuth.instrument.web.TraceFilter  : Trying to send the parent span [Trace: 27f6008f02f5422a, Span: 08d5c009f880375a, Parent: ac59109a9293230d, exportable:true] to Zipkin
2017-07-14 08:11:41.536 DEBUG [demo-service,27f6008f02f5422a,08d5c009f880375a,true] 4054 --- [XNIO-2 task-9] o.s.c.sleuth.instrument.web.TraceFilter  : Closing the span [Trace: 27f6008f02f5422a, Span: 08d5c009f880375a, Parent: ac59109a9293230d, exportable:true] since the response was successful
2017-07-14 08:11:42.479 DEBUG [demo-service,,,] 4054 --- [task-scheduler-8] o.s.c.sleuth.stream.StreamSpanReporter   : Processed [1] spans
2017-07-14 08:11:42.480 DEBUG [demo-service,,,] 4054 --- [task-scheduler-8] o.s.c.s.s.ServerPropertiesHostLocator    : Span will contain serviceName [demo-service]
2017-07-14 08:11:42.497 DEBUG [demo-service,f5176f1a04c7a477,f5176f1a04c7a477,false] 4054 --- [task-scheduler-8] o.s.c.sleuth.stream.StreamSpanReporter   : The span [Trace: f5176f1a04c7a477, Span: f5176f1a04c7a477, Parent: null, exportable:false] will not be sent to Zipkin due to sampling
2017-07-14 08:12:33.909 DEBUG [demo-service,,,] 4054 --- [XNIO-2 task-10] o.s.c.sleuth.instrument.web.TraceFilter  : Received a request to uri [/customer] that should not be sampled [false]
2017-07-14 08:12:33.909 DEBUG [demo-service,,,] 4054 --- [XNIO-2 task-10] o.s.c.sleuth.instrument.web.TraceFilter  : Found a parent span [Trace: 1a18611829e95513, Span: 747369cd4f1d860e, Parent: a61b8de46b76b802, exportable:true] in the request
2017-07-14 08:12:33.910 DEBUG [demo-service,1a18611829e95513,747369cd4f1d860e,true] 4054 --- [XNIO-2 task-10] o.s.c.sleuth.instrument.web.TraceFilter  : Parent span is [Trace: 1a18611829e95513, Span: 747369cd4f1d860e, Parent: a61b8de46b76b802, exportable:true]
2017-07-14 08:12:33.916 DEBUG [demo-service,1a18611829e95513,747369cd4f1d860e,true] 4054 --- [XNIO-2 task-10] o.s.c.s.i.web.TraceHandlerInterceptor    : Handling span [Trace: 1a18611829e95513, Span: 747369cd4f1d860e, Parent: a61b8de46b76b802, exportable:true]
2017-07-14 08:12:33.926 DEBUG [demo-service,1a18611829e95513,747369cd4f1d860e,true] 4054 --- [XNIO-2 task-10] o.s.c.s.i.web.TraceHandlerInterceptor    : Adding a method tag with value [getCustomerByCustomerNo] to a span [Trace: 1a18611829e95513, Span: 747369cd4f1d860e, Parent: a61b8de46b76b802, exportable:true]
2017-07-14 08:12:33.933 DEBUG [demo-service,1a18611829e95513,747369cd4f1d860e,true] 4054 --- [XNIO-2 task-10] o.s.c.s.i.web.TraceHandlerInterceptor    : Adding a class tag with value [Application] to a span [Trace: 1a18611829e95513, Span: 747369cd4f1d860e, Parent: a61b8de46b76b802, exportable:true]
2017-07-14 08:12:33.934  INFO [demo-service,1a18611829e95513,747369cd4f1d860e,true] 4054 --- [XNIO-2 task-10] com.demo.main.Application                : Inside demo-service
2017-07-14 08:12:33.938 DEBUG [demo-service,1a18611829e95513,747369cd4f1d860e,true] 4054 --- [XNIO-2 task-10] o.s.c.sleuth.instrument.web.TraceFilter  : Trying to send the parent span [Trace: 1a18611829e95513, Span: 747369cd4f1d860e, Parent: a61b8de46b76b802, exportable:true] to Zipkin
2017-07-14 08:12:33.942 DEBUG [demo-service,1a18611829e95513,747369cd4f1d860e,true] 4054 --- [XNIO-2 task-10] o.s.c.sleuth.instrument.web.TraceFilter  : Closing the span [Trace: 1a18611829e95513, Span: 747369cd4f1d860e, Parent: a61b8de46b76b802, exportable:true] since the response was successful
2017-07-14 08:12:34.509 DEBUG [demo-service,,,] 4054 --- [task-scheduler-6] o.s.c.sleuth.stream.StreamSpanReporter   : Processed [1] spans
2017-07-14 08:12:34.509 DEBUG [demo-service,,,] 4054 --- [task-scheduler-6] o.s.c.s.s.ServerPropertiesHostLocator    : Span will contain serviceName [demo-service]
2017-07-14 08:12:34.528 DEBUG [demo-service,44a364fa396f2687,44a364fa396f2687,false] 4054 --- [task-scheduler-6] o.s.c.sleuth.stream.StreamSpanReporter   : The span [Trace: 44a364fa396f2687, Span: 44a364fa396f2687, Parent: null, exportable:false] will not be sent to Zipkin due to sampling
2017-07-14 08:17:21.690 DEBUG [demo-service,,,] 4054 --- [XNIO-2 task-11] o.s.c.sleuth.instrument.web.TraceFilter  : Received a request to uri [/customer] that should not be sampled [false]
2017-07-14 08:17:21.691 DEBUG [demo-service,,,] 4054 --- [XNIO-2 task-11] o.s.c.sleuth.instrument.web.TraceFilter  : Found a parent span [Trace: 70851a1d424c6add, Span: bc9fec594f67d5ad, Parent: 9c92acf07aa9031e, exportable:true] in the request
2017-07-14 08:17:21.691 DEBUG [demo-service,70851a1d424c6add,bc9fec594f67d5ad,true] 4054 --- [XNIO-2 task-11] o.s.c.sleuth.instrument.web.TraceFilter  : Parent span is [Trace: 70851a1d424c6add, Span: bc9fec594f67d5ad, Parent: 9c92acf07aa9031e, exportable:true]
2017-07-14 08:17:21.697 DEBUG [demo-service,70851a1d424c6add,bc9fec594f67d5ad,true] 4054 --- [XNIO-2 task-11] o.s.c.s.i.web.TraceHandlerInterceptor    : Handling span [Trace: 70851a1d424c6add, Span: bc9fec594f67d5ad, Parent: 9c92acf07aa9031e, exportable:true]
2017-07-14 08:17:21.697 DEBUG [demo-service,70851a1d424c6add,bc9fec594f67d5ad,true] 4054 --- [XNIO-2 task-11] o.s.c.s.i.web.TraceHandlerInterceptor    : Adding a method tag with value [getCustomerByCustomerNo] to a span [Trace: 70851a1d424c6add, Span: bc9fec594f67d5ad, Parent: 9c92acf07aa9031e, exportable:true]
2017-07-14 08:17:21.698 DEBUG [demo-service,70851a1d424c6add,bc9fec594f67d5ad,true] 4054 --- [XNIO-2 task-11] o.s.c.s.i.web.TraceHandlerInterceptor    : Adding a class tag with value [Application] to a span [Trace: 70851a1d424c6add, Span: bc9fec594f67d5ad, Parent: 9c92acf07aa9031e, exportable:true]
2017-07-14 08:17:21.698  INFO [demo-service,70851a1d424c6add,bc9fec594f67d5ad,true] 4054 --- [XNIO-2 task-11] com.demo.main.Application                : Inside demo-service
2017-07-14 08:17:21.700 DEBUG [demo-service,70851a1d424c6add,bc9fec594f67d5ad,true] 4054 --- [XNIO-2 task-11] o.s.c.sleuth.instrument.web.TraceFilter  : Trying to send the parent span [Trace: 70851a1d424c6add, Span: bc9fec594f67d5ad, Parent: 9c92acf07aa9031e, exportable:true] to Zipkin
2017-07-14 08:17:21.702 DEBUG [demo-service,70851a1d424c6add,bc9fec594f67d5ad,true] 4054 --- [XNIO-2 task-11] o.s.c.sleuth.instrument.web.TraceFilter  : Closing the span [Trace: 70851a1d424c6add, Span: bc9fec594f67d5ad, Parent: 9c92acf07aa9031e, exportable:true] since the response was successful
2017-07-14 08:17:22.579 DEBUG [demo-service,,,] 4054 --- [task-scheduler-4] o.s.c.sleuth.stream.StreamSpanReporter   : Processed [1] spans
2017-07-14 08:17:22.579 DEBUG [demo-service,,,] 4054 --- [task-scheduler-4] o.s.c.s.s.ServerPropertiesHostLocator    : Span will contain serviceName [demo-service]
2017-07-14 08:17:22.595 DEBUG [demo-service,e6cae21e3b250d49,e6cae21e3b250d49,false] 4054 --- [task-scheduler-4] o.s.c.sleuth.stream.StreamSpanReporter   : The span [Trace: e6cae21e3b250d49, Span: e6cae21e3b250d49, Parent: null, exportable:false] will not be sent to Zipkin due to sampling
2017-07-14 08:18:50.261 DEBUG [demo-service,,,] 4054 --- [XNIO-2 task-12] o.s.c.sleuth.instrument.web.TraceFilter  : Received a request to uri [/customer] that should not be sampled [false]
2017-07-14 08:18:50.262 DEBUG [demo-service,,,] 4054 --- [XNIO-2 task-12] o.s.c.sleuth.instrument.web.TraceFilter  : Found a parent span [Trace: bd79ca80aeb9692a, Span: 6b7127c8c29668d8, Parent: 8f17f41e46408d49, exportable:true] in the request
2017-07-14 08:18:50.262 DEBUG [demo-service,bd79ca80aeb9692a,6b7127c8c29668d8,true] 4054 --- [XNIO-2 task-12] o.s.c.sleuth.instrument.web.TraceFilter  : Parent span is [Trace: bd79ca80aeb9692a, Span: 6b7127c8c29668d8, Parent: 8f17f41e46408d49, exportable:true]
2017-07-14 08:18:50.273 DEBUG [demo-service,bd79ca80aeb9692a,6b7127c8c29668d8,true] 4054 --- [XNIO-2 task-12] o.s.c.s.i.web.TraceHandlerInterceptor    : Handling span [Trace: bd79ca80aeb9692a, Span: 6b7127c8c29668d8, Parent: 8f17f41e46408d49, exportable:true]
2017-07-14 08:18:50.274 DEBUG [demo-service,bd79ca80aeb9692a,6b7127c8c29668d8,true] 4054 --- [XNIO-2 task-12] o.s.c.s.i.web.TraceHandlerInterceptor    : Adding a method tag with value [getCustomerByCustomerNo] to a span [Trace: bd79ca80aeb9692a, Span: 6b7127c8c29668d8, Parent: 8f17f41e46408d49, exportable:true]
2017-07-14 08:18:50.274 DEBUG [demo-service,bd79ca80aeb9692a,6b7127c8c29668d8,true] 4054 --- [XNIO-2 task-12] o.s.c.s.i.web.TraceHandlerInterceptor    : Adding a class tag with value [Application] to a span [Trace: bd79ca80aeb9692a, Span: 6b7127c8c29668d8, Parent: 8f17f41e46408d49, exportable:true]
2017-07-14 08:18:50.274  INFO [demo-service,bd79ca80aeb9692a,6b7127c8c29668d8,true] 4054 --- [XNIO-2 task-12] com.demo.main.Application                : Inside demo-service
2017-07-14 08:18:50.280 DEBUG [demo-service,bd79ca80aeb9692a,6b7127c8c29668d8,true] 4054 --- [XNIO-2 task-12] o.s.c.sleuth.instrument.web.TraceFilter  : Trying to send the parent span [Trace: bd79ca80aeb9692a, Span: 6b7127c8c29668d8, Parent: 8f17f41e46408d49, exportable:true] to Zipkin
2017-07-14 08:18:50.281 DEBUG [demo-service,bd79ca80aeb9692a,6b7127c8c29668d8,true] 4054 --- [XNIO-2 task-12] o.s.c.sleuth.instrument.web.TraceFilter  : Closing the span [Trace: bd79ca80aeb9692a, Span: 6b7127c8c29668d8, Parent: 8f17f41e46408d49, exportable:true] since the response was successful
2017-07-14 08:18:50.610 DEBUG [demo-service,,,] 4054 --- [task-scheduler-6] o.s.c.sleuth.stream.StreamSpanReporter   : Processed [1] spans
2017-07-14 08:18:50.610 DEBUG [demo-service,,,] 4054 --- [task-scheduler-6] o.s.c.s.s.ServerPropertiesHostLocator    : Span will contain serviceName [demo-service]
2017-07-14 08:18:50.626 DEBUG [demo-service,35a91176591c0c65,35a91176591c0c65,false] 4054 --- [task-scheduler-6] o.s.c.sleuth.stream.StreamSpanReporter   : The span [Trace: 35a91176591c0c65, Span: 35a91176591c0c65, Parent: null, exportable:false] will not be sent to Zipkin due to sampling
2017-07-14 08:20:23.071 DEBUG [demo-service,,,] 4054 --- [XNIO-2 task-13] o.s.c.sleuth.instrument.web.TraceFilter  : Received a request to uri [/customer] that should not be sampled [false]
2017-07-14 08:20:23.072 DEBUG [demo-service,,,] 4054 --- [XNIO-2 task-13] o.s.c.sleuth.instrument.web.TraceFilter  : Found a parent span [Trace: 39e21d34469aac2c, Span: 8a2593fceb34bdc2, Parent: 29ee5b518b301770, exportable:true] in the request
2017-07-14 08:20:23.072 DEBUG [demo-service,39e21d34469aac2c,8a2593fceb34bdc2,true] 4054 --- [XNIO-2 task-13] o.s.c.sleuth.instrument.web.TraceFilter  : Parent span is [Trace: 39e21d34469aac2c, Span: 8a2593fceb34bdc2, Parent: 29ee5b518b301770, exportable:true]
2017-07-14 08:20:23.077 DEBUG [demo-service,39e21d34469aac2c,8a2593fceb34bdc2,true] 4054 --- [XNIO-2 task-13] o.s.c.s.i.web.TraceHandlerInterceptor    : Handling span [Trace: 39e21d34469aac2c, Span: 8a2593fceb34bdc2, Parent: 29ee5b518b301770, exportable:true]
2017-07-14 08:20:23.079 DEBUG [demo-service,39e21d34469aac2c,8a2593fceb34bdc2,true] 4054 --- [XNIO-2 task-13] o.s.c.s.i.web.TraceHandlerInterceptor    : Adding a method tag with value [getCustomerByCustomerNo] to a span [Trace: 39e21d34469aac2c, Span: 8a2593fceb34bdc2, Parent: 29ee5b518b301770, exportable:true]
2017-07-14 08:20:23.079 DEBUG [demo-service,39e21d34469aac2c,8a2593fceb34bdc2,true] 4054 --- [XNIO-2 task-13] o.s.c.s.i.web.TraceHandlerInterceptor    : Adding a class tag with value [Application] to a span [Trace: 39e21d34469aac2c, Span: 8a2593fceb34bdc2, Parent: 29ee5b518b301770, exportable:true]
2017-07-14 08:20:23.079  INFO [demo-service,39e21d34469aac2c,8a2593fceb34bdc2,true] 4054 --- [XNIO-2 task-13] com.demo.main.Application                : Inside demo-service
2017-07-14 08:20:23.081 DEBUG [demo-service,39e21d34469aac2c,8a2593fceb34bdc2,true] 4054 --- [XNIO-2 task-13] o.s.c.sleuth.instrument.web.TraceFilter  : Trying to send the parent span [Trace: 39e21d34469aac2c, Span: 8a2593fceb34bdc2, Parent: 29ee5b518b301770, exportable:true] to Zipkin
2017-07-14 08:20:23.085 DEBUG [demo-service,39e21d34469aac2c,8a2593fceb34bdc2,true] 4054 --- [XNIO-2 task-13] o.s.c.sleuth.instrument.web.TraceFilter  : Closing the span [Trace: 39e21d34469aac2c, Span: 8a2593fceb34bdc2, Parent: 29ee5b518b301770, exportable:true] since the response was successful
2017-07-14 08:20:23.643 DEBUG [demo-service,,,] 4054 --- [task-scheduler-5] o.s.c.sleuth.stream.StreamSpanReporter   : Processed [1] spans
2017-07-14 08:20:23.644 DEBUG [demo-service,,,] 4054 --- [task-scheduler-5] o.s.c.s.s.ServerPropertiesHostLocator    : Span will contain serviceName [demo-service]
2017-07-14 08:20:23.655 DEBUG [demo-service,7460e8018a3a9a49,7460e8018a3a9a49,false] 4054 --- [task-scheduler-5] o.s.c.sleuth.stream.StreamSpanReporter   : The span [Trace: 7460e8018a3a9a49, Span: 7460e8018a3a9a49, Parent: null, exportable:false] will not be sent to Zipkin due to sampling
2017-07-14 08:31:21.149 DEBUG [demo-service,,,] 4054 --- [XNIO-2 task-14] o.s.c.sleuth.instrument.web.TraceFilter  : Received a request to uri [/customer] that should not be sampled [false]
2017-07-14 08:31:21.149 DEBUG [demo-service,,,] 4054 --- [XNIO-2 task-14] o.s.c.sleuth.instrument.web.TraceFilter  : Found a parent span [Trace: 46db81b86ac144d6, Span: 44e2b11a4266d547, Parent: 8ae843ea121f49ae, exportable:true] in the request
2017-07-14 08:31:21.149 DEBUG [demo-service,46db81b86ac144d6,44e2b11a4266d547,true] 4054 --- [XNIO-2 task-14] o.s.c.sleuth.instrument.web.TraceFilter  : Parent span is [Trace: 46db81b86ac144d6, Span: 44e2b11a4266d547, Parent: 8ae843ea121f49ae, exportable:true]
2017-07-14 08:31:21.160 DEBUG [demo-service,46db81b86ac144d6,44e2b11a4266d547,true] 4054 --- [XNIO-2 task-14] o.s.c.s.i.web.TraceHandlerInterceptor    : Handling span [Trace: 46db81b86ac144d6, Span: 44e2b11a4266d547, Parent: 8ae843ea121f49ae, exportable:true]
2017-07-14 08:31:21.161 DEBUG [demo-service,46db81b86ac144d6,44e2b11a4266d547,true] 4054 --- [XNIO-2 task-14] o.s.c.s.i.web.TraceHandlerInterceptor    : Adding a method tag with value [getCustomerByCustomerNo] to a span [Trace: 46db81b86ac144d6, Span: 44e2b11a4266d547, Parent: 8ae843ea121f49ae, exportable:true]
2017-07-14 08:31:21.161 DEBUG [demo-service,46db81b86ac144d6,44e2b11a4266d547,true] 4054 --- [XNIO-2 task-14] o.s.c.s.i.web.TraceHandlerInterceptor    : Adding a class tag with value [Application] to a span [Trace: 46db81b86ac144d6, Span: 44e2b11a4266d547, Parent: 8ae843ea121f49ae, exportable:true]
2017-07-14 08:31:21.161  INFO [demo-service,46db81b86ac144d6,44e2b11a4266d547,true] 4054 --- [XNIO-2 task-14] com.demo.main.Application                : Inside demo-service
2017-07-14 08:31:21.164 DEBUG [demo-service,46db81b86ac144d6,44e2b11a4266d547,true] 4054 --- [XNIO-2 task-14] o.s.c.sleuth.instrument.web.TraceFilter  : Trying to send the parent span [Trace: 46db81b86ac144d6, Span: 44e2b11a4266d547, Parent: 8ae843ea121f49ae, exportable:true] to Zipkin
2017-07-14 08:31:21.164 DEBUG [demo-service,46db81b86ac144d6,44e2b11a4266d547,true] 4054 --- [XNIO-2 task-14] o.s.c.sleuth.instrument.web.TraceFilter  : Closing the span [Trace: 46db81b86ac144d6, Span: 44e2b11a4266d547, Parent: 8ae843ea121f49ae, exportable:true] since the response was successful
2017-07-14 08:31:21.753 DEBUG [demo-service,,,] 4054 --- [task-scheduler-7] o.s.c.sleuth.stream.StreamSpanReporter   : Processed [1] spans
2017-07-14 08:31:21.753 DEBUG [demo-service,,,] 4054 --- [task-scheduler-7] o.s.c.s.s.ServerPropertiesHostLocator    : Span will contain serviceName [demo-service]
2017-07-14 08:31:21.764 DEBUG [demo-service,426d4bdd7aa14eb9,426d4bdd7aa14eb9,false] 4054 --- [task-scheduler-7] o.s.c.sleuth.stream.StreamSpanReporter   : The span [Trace: 426d4bdd7aa14eb9, Span: 426d4bdd7aa14eb9, Parent: null, exportable:false] will not be sent to Zipkin due to sampling
2017-07-14 08:31:23.281 DEBUG [demo-service,,,] 4054 --- [XNIO-2 task-15] o.s.c.sleuth.instrument.web.TraceFilter  : Received a request to uri [/customer] that should not be sampled [false]
2017-07-14 08:31:23.282 DEBUG [demo-service,,,] 4054 --- [XNIO-2 task-15] o.s.c.sleuth.instrument.web.TraceFilter  : Found a parent span [Trace: f4440811b451b614, Span: 7e04a5ced0196cbc, Parent: 674eb42c599dd3b5, exportable:true] in the request
2017-07-14 08:31:23.283 DEBUG [demo-service,f4440811b451b614,7e04a5ced0196cbc,true] 4054 --- [XNIO-2 task-15] o.s.c.sleuth.instrument.web.TraceFilter  : Parent span is [Trace: f4440811b451b614, Span: 7e04a5ced0196cbc, Parent: 674eb42c599dd3b5, exportable:true]
2017-07-14 08:31:23.295 DEBUG [demo-service,f4440811b451b614,7e04a5ced0196cbc,true] 4054 --- [XNIO-2 task-15] o.s.c.s.i.web.TraceHandlerInterceptor    : Handling span [Trace: f4440811b451b614, Span: 7e04a5ced0196cbc, Parent: 674eb42c599dd3b5, exportable:true]
2017-07-14 08:31:23.296 DEBUG [demo-service,f4440811b451b614,7e04a5ced0196cbc,true] 4054 --- [XNIO-2 task-15] o.s.c.s.i.web.TraceHandlerInterceptor    : Adding a method tag with value [getCustomerByCustomerNo] to a span [Trace: f4440811b451b614, Span: 7e04a5ced0196cbc, Parent: 674eb42c599dd3b5, exportable:true]
2017-07-14 08:31:23.296 DEBUG [demo-service,f4440811b451b614,7e04a5ced0196cbc,true] 4054 --- [XNIO-2 task-15] o.s.c.s.i.web.TraceHandlerInterceptor    : Adding a class tag with value [Application] to a span [Trace: f4440811b451b614, Span: 7e04a5ced0196cbc, Parent: 674eb42c599dd3b5, exportable:true]
2017-07-14 08:31:23.296  INFO [demo-service,f4440811b451b614,7e04a5ced0196cbc,true] 4054 --- [XNIO-2 task-15] com.demo.main.Application                : Inside demo-service
2017-07-14 08:31:23.305 DEBUG [demo-service,f4440811b451b614,7e04a5ced0196cbc,true] 4054 --- [XNIO-2 task-15] o.s.c.sleuth.instrument.web.TraceFilter  : Trying to send the parent span [Trace: f4440811b451b614, Span: 7e04a5ced0196cbc, Parent: 674eb42c599dd3b5, exportable:true] to Zipkin
2017-07-14 08:31:23.321 DEBUG [demo-service,f4440811b451b614,7e04a5ced0196cbc,true] 4054 --- [XNIO-2 task-15] o.s.c.sleuth.instrument.web.TraceFilter  : Closing the span [Trace: f4440811b451b614, Span: 7e04a5ced0196cbc, Parent: 674eb42c599dd3b5, exportable:true] since the response was successful
2017-07-14 08:31:23.764 DEBUG [demo-service,,,] 4054 --- [task-scheduler-8] o.s.c.sleuth.stream.StreamSpanReporter   : Processed [1] spans
2017-07-14 08:31:23.765 DEBUG [demo-service,,,] 4054 --- [task-scheduler-8] o.s.c.s.s.ServerPropertiesHostLocator    : Span will contain serviceName [demo-service]
2017-07-14 08:31:23.781 DEBUG [demo-service,42a3a11506e52deb,42a3a11506e52deb,false] 4054 --- [task-scheduler-8] o.s.c.sleuth.stream.StreamSpanReporter   : The span [Trace: 42a3a11506e52deb, Span: 42a3a11506e52deb, Parent: null, exportable:false] will not be sent to Zipkin due to sampling
2017-07-14 08:31:24.345 DEBUG [demo-service,,,] 4054 --- [XNIO-2 task-16] o.s.c.sleuth.instrument.web.TraceFilter  : Received a request to uri [/customer] that should not be sampled [false]
2017-07-14 08:31:24.347 DEBUG [demo-service,,,] 4054 --- [XNIO-2 task-16] o.s.c.sleuth.instrument.web.TraceFilter  : Found a parent span [Trace: 252a0735b35f7746, Span: 77e6ffdf1749aac3, Parent: 3140976e0a6dd9f2, exportable:true] in the request
2017-07-14 08:31:24.347 DEBUG [demo-service,252a0735b35f7746,77e6ffdf1749aac3,true] 4054 --- [XNIO-2 task-16] o.s.c.sleuth.instrument.web.TraceFilter  : Parent span is [Trace: 252a0735b35f7746, Span: 77e6ffdf1749aac3, Parent: 3140976e0a6dd9f2, exportable:true]
2017-07-14 08:31:24.348 DEBUG [demo-service,252a0735b35f7746,77e6ffdf1749aac3,true] 4054 --- [XNIO-2 task-16] o.s.c.s.i.web.TraceHandlerInterceptor    : Handling span [Trace: 252a0735b35f7746, Span: 77e6ffdf1749aac3, Parent: 3140976e0a6dd9f2, exportable:true]
2017-07-14 08:31:24.349 DEBUG [demo-service,252a0735b35f7746,77e6ffdf1749aac3,true] 4054 --- [XNIO-2 task-16] o.s.c.s.i.web.TraceHandlerInterceptor    : Adding a method tag with value [getCustomerByCustomerNo] to a span [Trace: 252a0735b35f7746, Span: 77e6ffdf1749aac3, Parent: 3140976e0a6dd9f2, exportable:true]
2017-07-14 08:31:24.349 DEBUG [demo-service,252a0735b35f7746,77e6ffdf1749aac3,true] 4054 --- [XNIO-2 task-16] o.s.c.s.i.web.TraceHandlerInterceptor    : Adding a class tag with value [Application] to a span [Trace: 252a0735b35f7746, Span: 77e6ffdf1749aac3, Parent: 3140976e0a6dd9f2, exportable:true]
2017-07-14 08:31:24.349  INFO [demo-service,252a0735b35f7746,77e6ffdf1749aac3,true] 4054 --- [XNIO-2 task-16] com.demo.main.Application                : Inside demo-service
2017-07-14 08:31:24.356 DEBUG [demo-service,252a0735b35f7746,77e6ffdf1749aac3,true] 4054 --- [XNIO-2 task-16] o.s.c.sleuth.instrument.web.TraceFilter  : Trying to send the parent span [Trace: 252a0735b35f7746, Span: 77e6ffdf1749aac3, Parent: 3140976e0a6dd9f2, exportable:true] to Zipkin
2017-07-14 08:31:24.356 DEBUG [demo-service,252a0735b35f7746,77e6ffdf1749aac3,true] 4054 --- [XNIO-2 task-16] o.s.c.sleuth.instrument.web.TraceFilter  : Closing the span [Trace: 252a0735b35f7746, Span: 77e6ffdf1749aac3, Parent: 3140976e0a6dd9f2, exportable:true] since the response was successful
2017-07-14 08:31:24.781 DEBUG [demo-service,,,] 4054 --- [task-scheduler-1] o.s.c.sleuth.stream.StreamSpanReporter   : Processed [1] spans
2017-07-14 08:31:24.781 DEBUG [demo-service,,,] 4054 --- [task-scheduler-1] o.s.c.s.s.ServerPropertiesHostLocator    : Span will contain serviceName [demo-service]
2017-07-14 08:31:24.793 DEBUG [demo-service,6dbbeff23933cecc,6dbbeff23933cecc,false] 4054 --- [task-scheduler-1] o.s.c.sleuth.stream.StreamSpanReporter   : The span [Trace: 6dbbeff23933cecc, Span: 6dbbeff23933cecc, Parent: null, exportable:false] will not be sent to Zipkin due to sampling
2017-07-14 08:31:25.553 DEBUG [demo-service,,,] 4054 --- [XNIO-2 task-1] o.s.c.sleuth.instrument.web.TraceFilter  : Received a request to uri [/customer] that should not be sampled [false]
2017-07-14 08:31:25.553 DEBUG [demo-service,,,] 4054 --- [XNIO-2 task-1] o.s.c.sleuth.instrument.web.TraceFilter  : Found a parent span [Trace: 6fd5af441568f645, Span: 1463498220a34711, Parent: da85cde8bd3d080f, exportable:true] in the request
2017-07-14 08:31:25.553 DEBUG [demo-service,6fd5af441568f645,1463498220a34711,true] 4054 --- [XNIO-2 task-1] o.s.c.sleuth.instrument.web.TraceFilter  : Parent span is [Trace: 6fd5af441568f645, Span: 1463498220a34711, Parent: da85cde8bd3d080f, exportable:true]
2017-07-14 08:31:25.554 DEBUG [demo-service,6fd5af441568f645,1463498220a34711,true] 4054 --- [XNIO-2 task-1] o.s.c.s.i.web.TraceHandlerInterceptor    : Handling span [Trace: 6fd5af441568f645, Span: 1463498220a34711, Parent: da85cde8bd3d080f, exportable:true]
2017-07-14 08:31:25.554 DEBUG [demo-service,6fd5af441568f645,1463498220a34711,true] 4054 --- [XNIO-2 task-1] o.s.c.s.i.web.TraceHandlerInterceptor    : Adding a method tag with value [getCustomerByCustomerNo] to a span [Trace: 6fd5af441568f645, Span: 1463498220a34711, Parent: da85cde8bd3d080f, exportable:true]
2017-07-14 08:31:25.554 DEBUG [demo-service,6fd5af441568f645,1463498220a34711,true] 4054 --- [XNIO-2 task-1] o.s.c.s.i.web.TraceHandlerInterceptor    : Adding a class tag with value [Application] to a span [Trace: 6fd5af441568f645, Span: 1463498220a34711, Parent: da85cde8bd3d080f, exportable:true]
2017-07-14 08:31:25.554  INFO [demo-service,6fd5af441568f645,1463498220a34711,true] 4054 --- [XNIO-2 task-1] com.demo.main.Application                : Inside demo-service
2017-07-14 08:31:25.566 DEBUG [demo-service,6fd5af441568f645,1463498220a34711,true] 4054 --- [XNIO-2 task-1] o.s.c.sleuth.instrument.web.TraceFilter  : Trying to send the parent span [Trace: 6fd5af441568f645, Span: 1463498220a34711, Parent: da85cde8bd3d080f, exportable:true] to Zipkin
2017-07-14 08:31:25.568 DEBUG [demo-service,6fd5af441568f645,1463498220a34711,true] 4054 --- [XNIO-2 task-1] o.s.c.sleuth.instrument.web.TraceFilter  : Closing the span [Trace: 6fd5af441568f645, Span: 1463498220a34711, Parent: da85cde8bd3d080f, exportable:true] since the response was successful
2017-07-14 08:31:25.793 DEBUG [demo-service,,,] 4054 --- [task-scheduler-10] o.s.c.sleuth.stream.StreamSpanReporter   : Processed [1] spans
2017-07-14 08:31:25.794 DEBUG [demo-service,,,] 4054 --- [task-scheduler-10] o.s.c.s.s.ServerPropertiesHostLocator    : Span will contain serviceName [demo-service]
2017-07-14 08:31:25.807 DEBUG [demo-service,f503649a40d18220,f503649a40d18220,false] 4054 --- [task-scheduler-10] o.s.c.sleuth.stream.StreamSpanReporter   : The span [Trace: f503649a40d18220, Span: f503649a40d18220, Parent: null, exportable:false] will not be sent to Zipkin due to sampling
2017-07-14 08:31:26.608 DEBUG [demo-service,,,] 4054 --- [XNIO-2 task-2] o.s.c.sleuth.instrument.web.TraceFilter  : Received a request to uri [/customer] that should not be sampled [false]
2017-07-14 08:31:26.608 DEBUG [demo-service,,,] 4054 --- [XNIO-2 task-2] o.s.c.sleuth.instrument.web.TraceFilter  : Found a parent span [Trace: e4811d14433b43b5, Span: 7e4f5a7c20eed4c0, Parent: 154f17872b4f59c2, exportable:true] in the request
2017-07-14 08:31:26.609 DEBUG [demo-service,e4811d14433b43b5,7e4f5a7c20eed4c0,true] 4054 --- [XNIO-2 task-2] o.s.c.sleuth.instrument.web.TraceFilter  : Parent span is [Trace: e4811d14433b43b5, Span: 7e4f5a7c20eed4c0, Parent: 154f17872b4f59c2, exportable:true]
2017-07-14 08:31:26.610 DEBUG [demo-service,e4811d14433b43b5,7e4f5a7c20eed4c0,true] 4054 --- [XNIO-2 task-2] o.s.c.s.i.web.TraceHandlerInterceptor    : Handling span [Trace: e4811d14433b43b5, Span: 7e4f5a7c20eed4c0, Parent: 154f17872b4f59c2, exportable:true]
2017-07-14 08:31:26.610 DEBUG [demo-service,e4811d14433b43b5,7e4f5a7c20eed4c0,true] 4054 --- [XNIO-2 task-2] o.s.c.s.i.web.TraceHandlerInterceptor    : Adding a method tag with value [getCustomerByCustomerNo] to a span [Trace: e4811d14433b43b5, Span: 7e4f5a7c20eed4c0, Parent: 154f17872b4f59c2, exportable:true]
2017-07-14 08:31:26.610 DEBUG [demo-service,e4811d14433b43b5,7e4f5a7c20eed4c0,true] 4054 --- [XNIO-2 task-2] o.s.c.s.i.web.TraceHandlerInterceptor    : Adding a class tag with value [Application] to a span [Trace: e4811d14433b43b5, Span: 7e4f5a7c20eed4c0, Parent: 154f17872b4f59c2, exportable:true]
2017-07-14 08:31:26.610  INFO [demo-service,e4811d14433b43b5,7e4f5a7c20eed4c0,true] 4054 --- [XNIO-2 task-2] com.demo.main.Application                : Inside demo-service
2017-07-14 08:31:26.613 DEBUG [demo-service,e4811d14433b43b5,7e4f5a7c20eed4c0,true] 4054 --- [XNIO-2 task-2] o.s.c.sleuth.instrument.web.TraceFilter  : Trying to send the parent span [Trace: e4811d14433b43b5, Span: 7e4f5a7c20eed4c0, Parent: 154f17872b4f59c2, exportable:true] to Zipkin
2017-07-14 08:31:26.616 DEBUG [demo-service,e4811d14433b43b5,7e4f5a7c20eed4c0,true] 4054 --- [XNIO-2 task-2] o.s.c.sleuth.instrument.web.TraceFilter  : Closing the span [Trace: e4811d14433b43b5, Span: 7e4f5a7c20eed4c0, Parent: 154f17872b4f59c2, exportable:true] since the response was successful
2017-07-14 08:31:26.807 DEBUG [demo-service,,,] 4054 --- [task-scheduler-3] o.s.c.sleuth.stream.StreamSpanReporter   : Processed [1] spans
2017-07-14 08:31:26.808 DEBUG [demo-service,,,] 4054 --- [task-scheduler-3] o.s.c.s.s.ServerPropertiesHostLocator    : Span will contain serviceName [demo-service]
2017-07-14 08:31:26.818 DEBUG [demo-service,034aee2af66ac997,034aee2af66ac997,false] 4054 --- [task-scheduler-3] o.s.c.sleuth.stream.StreamSpanReporter   : The span [Trace: 034aee2af66ac997, Span: 034aee2af66ac997, Parent: null, exportable:false] will not be sent to Zipkin due to sampling
2017-07-14 08:33:26.457 DEBUG [demo-service,,,] 4054 --- [XNIO-2 task-3] o.s.c.sleuth.instrument.web.TraceFilter  : Received a request to uri [/customer] that should not be sampled [false]
2017-07-14 08:33:26.457 DEBUG [demo-service,,,] 4054 --- [XNIO-2 task-3] o.s.c.sleuth.instrument.web.TraceFilter  : Found a parent span [Trace: 8cfd1bcf37c78713, Span: 032fda5c0b92faba, Parent: 3695481ddc200366, exportable:true] in the request
2017-07-14 08:33:26.457 DEBUG [demo-service,8cfd1bcf37c78713,032fda5c0b92faba,true] 4054 --- [XNIO-2 task-3] o.s.c.sleuth.instrument.web.TraceFilter  : Parent span is [Trace: 8cfd1bcf37c78713, Span: 032fda5c0b92faba, Parent: 3695481ddc200366, exportable:true]
2017-07-14 08:33:26.458 DEBUG [demo-service,8cfd1bcf37c78713,032fda5c0b92faba,true] 4054 --- [XNIO-2 task-3] o.s.c.s.i.web.TraceHandlerInterceptor    : Handling span [Trace: 8cfd1bcf37c78713, Span: 032fda5c0b92faba, Parent: 3695481ddc200366, exportable:true]
2017-07-14 08:33:26.458 DEBUG [demo-service,8cfd1bcf37c78713,032fda5c0b92faba,true] 4054 --- [XNIO-2 task-3] o.s.c.s.i.web.TraceHandlerInterceptor    : Adding a method tag with value [getCustomerByCustomerNo] to a span [Trace: 8cfd1bcf37c78713, Span: 032fda5c0b92faba, Parent: 3695481ddc200366, exportable:true]
2017-07-14 08:33:26.458 DEBUG [demo-service,8cfd1bcf37c78713,032fda5c0b92faba,true] 4054 --- [XNIO-2 task-3] o.s.c.s.i.web.TraceHandlerInterceptor    : Adding a class tag with value [Application] to a span [Trace: 8cfd1bcf37c78713, Span: 032fda5c0b92faba, Parent: 3695481ddc200366, exportable:true]
2017-07-14 08:33:26.458  INFO [demo-service,8cfd1bcf37c78713,032fda5c0b92faba,true] 4054 --- [XNIO-2 task-3] com.demo.main.Application                : Inside demo-service
2017-07-14 08:33:26.463 DEBUG [demo-service,8cfd1bcf37c78713,032fda5c0b92faba,true] 4054 --- [XNIO-2 task-3] o.s.c.sleuth.instrument.web.TraceFilter  : Trying to send the parent span [Trace: 8cfd1bcf37c78713, Span: 032fda5c0b92faba, Parent: 3695481ddc200366, exportable:true] to Zipkin
2017-07-14 08:33:26.464 DEBUG [demo-service,8cfd1bcf37c78713,032fda5c0b92faba,true] 4054 --- [XNIO-2 task-3] o.s.c.sleuth.instrument.web.TraceFilter  : Closing the span [Trace: 8cfd1bcf37c78713, Span: 032fda5c0b92faba, Parent: 3695481ddc200366, exportable:true] since the response was successful
2017-07-14 08:33:26.835 DEBUG [demo-service,,,] 4054 --- [task-scheduler-6] o.s.c.sleuth.stream.StreamSpanReporter   : Processed [1] spans
2017-07-14 08:33:26.836 DEBUG [demo-service,,,] 4054 --- [task-scheduler-6] o.s.c.s.s.ServerPropertiesHostLocator    : Span will contain serviceName [demo-service]
2017-07-14 08:33:26.844 DEBUG [demo-service,8219d3cd0110d90f,8219d3cd0110d90f,false] 4054 --- [task-scheduler-6] o.s.c.sleuth.stream.StreamSpanReporter   : The span [Trace: 8219d3cd0110d90f, Span: 8219d3cd0110d90f, Parent: null, exportable:false] will not be sent to Zipkin due to sampling
