2017-07-10 11:28:05.133  INFO [demo-service,,,] 7600 --- [main] com.demo.main.Application                : No active profile set, falling back to default profiles: default
2017-07-10 11:28:05.158  INFO [demo-service,,,] 7600 --- [main] ationConfigEmbeddedWebApplicationContext : Refreshing org.springframework.boot.context.embedded.AnnotationConfigEmbeddedWebApplicationContext@30c8fab2: startup date [Mon Jul 10 11:28:05 IST 2017]; parent: org.springframework.context.annotation.AnnotationConfigApplicationContext@2d24e70c
2017-07-10 11:28:09.056  WARN [demo-service,,,] 7600 --- [main] o.s.c.a.ConfigurationClassPostProcessor  : Cannot enhance @Configuration bean definition 'refreshScope' since its singleton instance has been created too early. The typical cause is a non-static @Bean method with a BeanDefinitionRegistryPostProcessor return type: Consider declaring such methods as 'static'.
2017-07-10 11:28:09.856  INFO [demo-service,,,] 7600 --- [main] o.s.cloud.context.scope.GenericScope     : BeanFactory id=e9239c99-df75-33fc-ad6c-64810be30440
2017-07-10 11:28:10.291  INFO [demo-service,,,] 7600 --- [main] trationDelegate$BeanPostProcessorChecker : Bean 'org.springframework.cloud.sleuth.instrument.async.AsyncDefaultAutoConfiguration$DefaultAsyncConfigurerSupport' of type [class org.springframework.cloud.sleuth.instrument.async.AsyncDefaultAutoConfiguration$DefaultAsyncConfigurerSupport$$EnhancerBySpringCGLIB$$e7a7f38] is not eligible for getting processed by all BeanPostProcessors (for example: not eligible for auto-proxying)
2017-07-10 11:28:12.135  INFO [demo-service,,,] 7600 --- [main] trationDelegate$BeanPostProcessorChecker : Bean 'org.springframework.cloud.autoconfigure.ConfigurationPropertiesRebinderAutoConfiguration' of type [class org.springframework.cloud.autoconfigure.ConfigurationPropertiesRebinderAutoConfiguration$$EnhancerBySpringCGLIB$$ed52e472] is not eligible for getting processed by all BeanPostProcessors (for example: not eligible for auto-proxying)
2017-07-10 11:28:16.551  INFO [demo-service,,,] 7600 --- [main] org.xnio                                 : XNIO version 3.3.6.Final
2017-07-10 11:28:16.655  INFO [demo-service,,,] 7600 --- [main] org.xnio.nio                             : XNIO NIO Implementation Version 3.3.6.Final
2017-07-10 11:28:17.502  WARN [demo-service,,,] 7600 --- [main] io.undertow.websockets.jsr               : UT026009: XNIO worker was not set on WebSocketDeploymentInfo, the default worker will be used
2017-07-10 11:28:17.551  WARN [demo-service,,,] 7600 --- [main] io.undertow.websockets.jsr               : UT026010: Buffer pool was not set on WebSocketDeploymentInfo, the default pool will be used
2017-07-10 11:28:17.669  INFO [demo-service,,,] 7600 --- [main] io.undertow.servlet                      : Initializing Spring embedded WebApplicationContext
2017-07-10 11:28:17.672  INFO [demo-service,,,] 7600 --- [main] o.s.web.context.ContextLoader            : Root WebApplicationContext: initialization completed in 12514 ms
2017-07-10 11:28:22.459  INFO [demo-service,,,] 7600 --- [main] o.s.b.w.servlet.FilterRegistrationBean   : Mapping filter: 'metricsFilter' to: [/*]
2017-07-10 11:28:22.462  INFO [demo-service,,,] 7600 --- [main] o.s.b.w.servlet.FilterRegistrationBean   : Mapping filter: 'characterEncodingFilter' to: [/*]
2017-07-10 11:28:22.464  INFO [demo-service,,,] 7600 --- [main] o.s.b.c.embedded.FilterRegistrationBean  : Mapping filter: 'traceFilter' to: [/*]
2017-07-10 11:28:22.466  INFO [demo-service,,,] 7600 --- [main] o.s.b.w.servlet.FilterRegistrationBean   : Mapping filter: 'hiddenHttpMethodFilter' to: [/*]
2017-07-10 11:28:22.468  INFO [demo-service,,,] 7600 --- [main] o.s.b.w.servlet.FilterRegistrationBean   : Mapping filter: 'httpPutFormContentFilter' to: [/*]
2017-07-10 11:28:22.476  INFO [demo-service,,,] 7600 --- [main] o.s.b.w.servlet.FilterRegistrationBean   : Mapping filter: 'requestContextFilter' to: [/*]
2017-07-10 11:28:22.488  INFO [demo-service,,,] 7600 --- [main] o.s.b.w.servlet.FilterRegistrationBean   : Mapping filter: 'webRequestLoggingFilter' to: [/*]
2017-07-10 11:28:22.491  INFO [demo-service,,,] 7600 --- [main] o.s.b.w.servlet.FilterRegistrationBean   : Mapping filter: 'applicationContextIdFilter' to: [/*]
2017-07-10 11:28:22.494  INFO [demo-service,,,] 7600 --- [main] o.s.b.w.servlet.ServletRegistrationBean  : Mapping servlet: 'dispatcherServlet' to [/]
2017-07-10 11:28:25.525  INFO [demo-service,,,] 7600 --- [main] s.w.s.m.m.a.RequestMappingHandlerAdapter : Looking for @ControllerAdvice: org.springframework.boot.context.embedded.AnnotationConfigEmbeddedWebApplicationContext@30c8fab2: startup date [Mon Jul 10 11:28:05 IST 2017]; parent: org.springframework.context.annotation.AnnotationConfigApplicationContext@2d24e70c
2017-07-10 11:28:26.011  INFO [demo-service,,,] 7600 --- [main] s.w.s.m.m.a.RequestMappingHandlerMapping : Mapped "{[/customer],methods=[GET]}" onto public java.lang.String com.demo.main.Application.getCustomerByCustomerNo()
2017-07-10 11:28:26.024  INFO [demo-service,,,] 7600 --- [main] s.w.s.m.m.a.RequestMappingHandlerMapping : Mapped "{[/error]}" onto public org.springframework.http.ResponseEntity<java.util.Map<java.lang.String, java.lang.Object>> org.springframework.boot.autoconfigure.web.BasicErrorController.error(javax.servlet.http.HttpServletRequest)
2017-07-10 11:28:26.036  INFO [demo-service,,,] 7600 --- [main] s.w.s.m.m.a.RequestMappingHandlerMapping : Mapped "{[/error],produces=[text/html]}" onto public org.springframework.web.servlet.ModelAndView org.springframework.boot.autoconfigure.web.BasicErrorController.errorHtml(javax.servlet.http.HttpServletRequest,javax.servlet.http.HttpServletResponse)
2017-07-10 11:28:26.504  INFO [demo-service,,,] 7600 --- [main] o.s.w.s.handler.SimpleUrlHandlerMapping  : Mapped URL path [/webjars/**] onto handler of type [class org.springframework.web.servlet.resource.ResourceHttpRequestHandler]
2017-07-10 11:28:26.510  INFO [demo-service,,,] 7600 --- [main] o.s.w.s.handler.SimpleUrlHandlerMapping  : Mapped URL path [/**] onto handler of type [class org.springframework.web.servlet.resource.ResourceHttpRequestHandler]
2017-07-10 11:28:26.726  INFO [demo-service,,,] 7600 --- [main] o.s.w.s.handler.SimpleUrlHandlerMapping  : Mapped URL path [/**/favicon.ico] onto handler of type [class org.springframework.web.servlet.resource.ResourceHttpRequestHandler]
2017-07-10 11:28:28.778  INFO [demo-service,,,] 7600 --- [main] o.s.b.a.e.mvc.EndpointHandlerMapping     : Mapped "{[/health || /health.json],produces=[application/json]}" onto public java.lang.Object org.springframework.boot.actuate.endpoint.mvc.HealthMvcEndpoint.invoke(java.security.Principal)
2017-07-10 11:28:28.780  INFO [demo-service,,,] 7600 --- [main] o.s.b.a.e.mvc.EndpointHandlerMapping     : Mapped "{[/restart || /restart.json],methods=[POST]}" onto public java.lang.Object org.springframework.cloud.context.restart.RestartMvcEndpoint.invoke()
2017-07-10 11:28:28.783  INFO [demo-service,,,] 7600 --- [main] o.s.b.a.e.mvc.EndpointHandlerMapping     : Mapped "{[/heapdump || /heapdump.json],methods=[GET],produces=[application/octet-stream]}" onto public void org.springframework.boot.actuate.endpoint.mvc.HeapdumpMvcEndpoint.invoke(boolean,javax.servlet.http.HttpServletRequest,javax.servlet.http.HttpServletResponse) throws java.io.IOException,javax.servlet.ServletException
2017-07-10 11:28:28.818  INFO [demo-service,,,] 7600 --- [main] o.s.b.a.e.mvc.EndpointHandlerMapping     : Mapped "{[/info || /info.json],methods=[GET],produces=[application/json]}" onto public java.lang.Object org.springframework.boot.actuate.endpoint.mvc.EndpointMvcAdapter.invoke()
2017-07-10 11:28:28.829  INFO [demo-service,,,] 7600 --- [main] o.s.b.a.e.mvc.EndpointHandlerMapping     : Mapped "{[/env],methods=[POST]}" onto public java.lang.Object org.springframework.cloud.context.environment.EnvironmentManagerMvcEndpoint.value(java.util.Map<java.lang.String, java.lang.String>)
2017-07-10 11:28:28.832  INFO [demo-service,,,] 7600 --- [main] o.s.b.a.e.mvc.EndpointHandlerMapping     : Mapped "{[/env/reset],methods=[POST]}" onto public java.util.Map<java.lang.String, java.lang.Object> org.springframework.cloud.context.environment.EnvironmentManagerMvcEndpoint.reset()
2017-07-10 11:28:28.858  INFO [demo-service,,,] 7600 --- [main] o.s.b.a.e.mvc.EndpointHandlerMapping     : Mapped "{[/resume || /resume.json],methods=[POST]}" onto public java.lang.Object org.springframework.cloud.endpoint.GenericPostableMvcEndpoint.invoke()
2017-07-10 11:28:28.863  INFO [demo-service,,,] 7600 --- [main] o.s.b.a.e.mvc.EndpointHandlerMapping     : Mapped "{[/pause || /pause.json],methods=[POST]}" onto public java.lang.Object org.springframework.cloud.endpoint.GenericPostableMvcEndpoint.invoke()
2017-07-10 11:28:28.894  INFO [demo-service,,,] 7600 --- [main] o.s.b.a.e.mvc.EndpointHandlerMapping     : Mapped "{[/logfile || /logfile.json],methods=[GET || HEAD]}" onto public void org.springframework.boot.actuate.endpoint.mvc.LogFileMvcEndpoint.invoke(javax.servlet.http.HttpServletRequest,javax.servlet.http.HttpServletResponse) throws javax.servlet.ServletException,java.io.IOException
2017-07-10 11:28:28.918  INFO [demo-service,,,] 7600 --- [main] o.s.b.a.e.mvc.EndpointHandlerMapping     : Mapped "{[/metrics/{name:.*}],methods=[GET],produces=[application/json]}" onto public java.lang.Object org.springframework.boot.actuate.endpoint.mvc.MetricsMvcEndpoint.value(java.lang.String)
2017-07-10 11:28:28.940  INFO [demo-service,,,] 7600 --- [main] o.s.b.a.e.mvc.EndpointHandlerMapping     : Mapped "{[/metrics || /metrics.json],methods=[GET],produces=[application/json]}" onto public java.lang.Object org.springframework.boot.actuate.endpoint.mvc.EndpointMvcAdapter.invoke()
2017-07-10 11:28:28.953  INFO [demo-service,,,] 7600 --- [main] o.s.b.a.e.mvc.EndpointHandlerMapping     : Mapped "{[/beans || /beans.json],methods=[GET],produces=[application/json]}" onto public java.lang.Object org.springframework.boot.actuate.endpoint.mvc.EndpointMvcAdapter.invoke()
2017-07-10 11:28:28.960  INFO [demo-service,,,] 7600 --- [main] o.s.b.a.e.mvc.EndpointHandlerMapping     : Mapped "{[/dump || /dump.json],methods=[GET],produces=[application/json]}" onto public java.lang.Object org.springframework.boot.actuate.endpoint.mvc.EndpointMvcAdapter.invoke()
2017-07-10 11:28:28.997  INFO [demo-service,,,] 7600 --- [main] o.s.b.a.e.mvc.EndpointHandlerMapping     : Mapped "{[/autoconfig || /autoconfig.json],methods=[GET],produces=[application/json]}" onto public java.lang.Object org.springframework.boot.actuate.endpoint.mvc.EndpointMvcAdapter.invoke()
2017-07-10 11:28:29.029  INFO [demo-service,,,] 7600 --- [main] o.s.b.a.e.mvc.EndpointHandlerMapping     : Mapped "{[/trace || /trace.json],methods=[GET],produces=[application/json]}" onto public java.lang.Object org.springframework.boot.actuate.endpoint.mvc.EndpointMvcAdapter.invoke()
2017-07-10 11:28:29.064  INFO [demo-service,,,] 7600 --- [main] o.s.b.a.e.mvc.EndpointHandlerMapping     : Mapped "{[/env/{name:.*}],methods=[GET],produces=[application/json]}" onto public java.lang.Object org.springframework.boot.actuate.endpoint.mvc.EnvironmentMvcEndpoint.value(java.lang.String)
2017-07-10 11:28:29.072  INFO [demo-service,,,] 7600 --- [main] o.s.b.a.e.mvc.EndpointHandlerMapping     : Mapped "{[/env || /env.json],methods=[GET],produces=[application/json]}" onto public java.lang.Object org.springframework.boot.actuate.endpoint.mvc.EndpointMvcAdapter.invoke()
2017-07-10 11:28:29.091  INFO [demo-service,,,] 7600 --- [main] o.s.b.a.e.mvc.EndpointHandlerMapping     : Mapped "{[/mappings || /mappings.json],methods=[GET],produces=[application/json]}" onto public java.lang.Object org.springframework.boot.actuate.endpoint.mvc.EndpointMvcAdapter.invoke()
2017-07-10 11:28:29.095  INFO [demo-service,,,] 7600 --- [main] o.s.b.a.e.mvc.EndpointHandlerMapping     : Mapped "{[/configprops || /configprops.json],methods=[GET],produces=[application/json]}" onto public java.lang.Object org.springframework.boot.actuate.endpoint.mvc.EndpointMvcAdapter.invoke()
2017-07-10 11:28:29.101  INFO [demo-service,,,] 7600 --- [main] o.s.b.a.e.mvc.EndpointHandlerMapping     : Mapped "{[/refresh || /refresh.json],methods=[POST]}" onto public java.lang.Object org.springframework.cloud.endpoint.GenericPostableMvcEndpoint.invoke()
2017-07-10 11:28:30.157  INFO [demo-service,,,] 7600 --- [main] o.s.s.c.ThreadPoolTaskScheduler          : Initializing ExecutorService 
2017-07-10 11:28:30.971  INFO [demo-service,,,] 7600 --- [main] o.s.j.e.a.AnnotationMBeanExporter        : Registering beans for JMX exposure on startup
2017-07-10 11:28:31.047  INFO [demo-service,,,] 7600 --- [main] o.s.j.e.a.AnnotationMBeanExporter        : Bean with name 'configurationPropertiesRebinder' has been autodetected for JMX exposure
2017-07-10 11:28:31.117  INFO [demo-service,,,] 7600 --- [main] o.s.j.e.a.AnnotationMBeanExporter        : Bean with name 'refreshEndpoint' has been autodetected for JMX exposure
2017-07-10 11:28:31.214  INFO [demo-service,,,] 7600 --- [main] o.s.j.e.a.AnnotationMBeanExporter        : Bean with name 'restartEndpoint' has been autodetected for JMX exposure
2017-07-10 11:28:31.303  INFO [demo-service,,,] 7600 --- [main] o.s.j.e.a.AnnotationMBeanExporter        : Bean with name 'refreshScope' has been autodetected for JMX exposure
2017-07-10 11:28:31.356  INFO [demo-service,,,] 7600 --- [main] o.s.j.e.a.AnnotationMBeanExporter        : Bean with name 'environmentManager' has been autodetected for JMX exposure
2017-07-10 11:28:31.398  INFO [demo-service,,,] 7600 --- [main] o.s.j.e.a.AnnotationMBeanExporter        : Located managed bean 'environmentManager': registering with JMX server as MBean [org.springframework.cloud.context.environment:name=environmentManager,type=EnvironmentManager]
2017-07-10 11:28:31.525  INFO [demo-service,,,] 7600 --- [main] o.s.j.e.a.AnnotationMBeanExporter        : Located managed bean 'restartEndpoint': registering with JMX server as MBean [org.springframework.cloud.context.restart:name=restartEndpoint,type=RestartEndpoint]
2017-07-10 11:28:31.642  INFO [demo-service,,,] 7600 --- [main] o.s.j.e.a.AnnotationMBeanExporter        : Located managed bean 'refreshScope': registering with JMX server as MBean [org.springframework.cloud.context.scope.refresh:name=refreshScope,type=RefreshScope]
2017-07-10 11:28:31.739  INFO [demo-service,,,] 7600 --- [main] o.s.j.e.a.AnnotationMBeanExporter        : Located managed bean 'configurationPropertiesRebinder': registering with JMX server as MBean [org.springframework.cloud.context.properties:name=configurationPropertiesRebinder,context=30c8fab2,type=ConfigurationPropertiesRebinder]
2017-07-10 11:28:31.903  INFO [demo-service,,,] 7600 --- [main] o.s.j.e.a.AnnotationMBeanExporter        : Located managed bean 'refreshEndpoint': registering with JMX server as MBean [org.springframework.cloud.endpoint:name=refreshEndpoint,type=RefreshEndpoint]
2017-07-10 11:28:32.633  INFO [demo-service,,,] 7600 --- [main] o.s.c.support.DefaultLifecycleProcessor  : Starting beans in phase 0
2017-07-10 11:28:33.411  INFO [demo-service,,,] 7600 --- [main] b.c.e.u.UndertowEmbeddedServletContainer : Undertow started on port(s) 5001 (http)
2017-07-10 11:28:33.537  INFO [demo-service,,,] 7600 --- [main] com.demo.main.Application                : Started Application in 40.794 seconds (JVM running for 53.744)
2017-07-10 11:29:36.572 DEBUG [demo-service,,,] 7600 --- [XNIO-2 task-1] o.s.c.sleuth.instrument.web.TraceFilter  : Initializing filter 'traceFilter'
2017-07-10 11:29:36.574 DEBUG [demo-service,,,] 7600 --- [XNIO-2 task-1] o.s.c.sleuth.instrument.web.TraceFilter  : Filter 'traceFilter' configured successfully
2017-07-10 11:29:36.659 DEBUG [demo-service,,,] 7600 --- [XNIO-2 task-1] o.s.c.sleuth.instrument.web.TraceFilter  : Received a request to uri [/customer] that should not be sampled [false]
2017-07-10 11:29:36.664 DEBUG [demo-service,4eaaaad673c5e7b8,4eaaaad673c5e7b8,true] 7600 --- [XNIO-2 task-1] o.s.c.sleuth.instrument.web.TraceFilter  : No parent span present - creating a new span
2017-07-10 11:29:36.960  INFO [demo-service,4eaaaad673c5e7b8,4eaaaad673c5e7b8,true] 7600 --- [XNIO-2 task-1] io.undertow.servlet                      : Initializing Spring FrameworkServlet 'dispatcherServlet'
2017-07-10 11:29:36.961  INFO [demo-service,4eaaaad673c5e7b8,4eaaaad673c5e7b8,true] 7600 --- [XNIO-2 task-1] o.s.web.servlet.DispatcherServlet        : FrameworkServlet 'dispatcherServlet': initialization started
2017-07-10 11:29:38.275  INFO [demo-service,4eaaaad673c5e7b8,4eaaaad673c5e7b8,true] 7600 --- [XNIO-2 task-1] o.s.web.servlet.DispatcherServlet        : FrameworkServlet 'dispatcherServlet': initialization completed in 1313 ms
2017-07-10 11:29:39.876 DEBUG [demo-service,4eaaaad673c5e7b8,8ca11e0d82f2d481,true] 7600 --- [XNIO-2 task-1] o.s.c.s.i.web.TraceHandlerInterceptor    : Created new span [Trace: 4eaaaad673c5e7b8, Span: 8ca11e0d82f2d481, Parent: 4eaaaad673c5e7b8, exportable:true] with name [get-customer-by-customer-no]
2017-07-10 11:29:39.878 DEBUG [demo-service,4eaaaad673c5e7b8,8ca11e0d82f2d481,true] 7600 --- [XNIO-2 task-1] o.s.c.s.i.web.TraceHandlerInterceptor    : Adding a method tag with value [getCustomerByCustomerNo] to a span [Trace: 4eaaaad673c5e7b8, Span: 8ca11e0d82f2d481, Parent: 4eaaaad673c5e7b8, exportable:true]
2017-07-10 11:29:39.879 DEBUG [demo-service,4eaaaad673c5e7b8,8ca11e0d82f2d481,true] 7600 --- [XNIO-2 task-1] o.s.c.s.i.web.TraceHandlerInterceptor    : Adding a class tag with value [Application] to a span [Trace: 4eaaaad673c5e7b8, Span: 8ca11e0d82f2d481, Parent: 4eaaaad673c5e7b8, exportable:true]
2017-07-10 11:29:40.057  INFO [demo-service,4eaaaad673c5e7b8,8ca11e0d82f2d481,true] 7600 --- [XNIO-2 task-1] com.demo.main.Application                : Inside demo-service
2017-07-10 11:29:43.936 DEBUG [demo-service,4eaaaad673c5e7b8,8ca11e0d82f2d481,true] 7600 --- [XNIO-2 task-1] o.s.c.s.i.web.TraceHandlerInterceptor    : Closing span [Trace: 4eaaaad673c5e7b8, Span: 8ca11e0d82f2d481, Parent: 4eaaaad673c5e7b8, exportable:true]
2017-07-10 11:29:44.885 DEBUG [demo-service,4eaaaad673c5e7b8,4eaaaad673c5e7b8,true] 7600 --- [XNIO-2 task-1] o.s.c.sleuth.instrument.web.TraceFilter  : Closing the span [Trace: 4eaaaad673c5e7b8, Span: 4eaaaad673c5e7b8, Parent: null, exportable:true] since the response was successful
2017-07-10 11:32:37.320  INFO [demo-service,,,] 7600 --- [Thread-3] ationConfigEmbeddedWebApplicationContext : Closing org.springframework.boot.context.embedded.AnnotationConfigEmbeddedWebApplicationContext@30c8fab2: startup date [Mon Jul 10 11:28:05 IST 2017]; parent: org.springframework.context.annotation.AnnotationConfigApplicationContext@2d24e70c
2017-07-10 11:32:37.374  INFO [demo-service,,,] 7600 --- [Thread-3] o.s.c.support.DefaultLifecycleProcessor  : Stopping beans in phase 0
2017-07-10 11:32:37.489  INFO [demo-service,,,] 7600 --- [Thread-3] o.s.j.e.a.AnnotationMBeanExporter        : Unregistering JMX-exposed beans on shutdown
2017-07-10 11:32:37.500  INFO [demo-service,,,] 7600 --- [Thread-3] o.s.j.e.a.AnnotationMBeanExporter        : Unregistering JMX-exposed beans
2017-07-10 11:32:37.839  INFO [demo-service,,,] 7600 --- [Thread-3] io.undertow.servlet                      : Destroying Spring FrameworkServlet 'dispatcherServlet'
