2017-07-10 11:28:48.829  INFO [outbound-gateway,,,] 5388 --- [main] c.d.i.OutboundGatewayApplication         : No active profile set, falling back to default profiles: default
2017-07-10 11:28:48.864  INFO [outbound-gateway,,,] 5388 --- [main] ationConfigEmbeddedWebApplicationContext : Refreshing org.springframework.boot.context.embedded.AnnotationConfigEmbeddedWebApplicationContext@11f024e5: startup date [Mon Jul 10 11:28:48 IST 2017]; parent: org.springframework.context.annotation.AnnotationConfigApplicationContext@55efdd82
2017-07-10 11:28:50.547  INFO [outbound-gateway,,,] 5388 --- [main] o.s.b.f.xml.XmlBeanDefinitionReader      : Loading XML bean definitions from class path resource [integration-context.xml]
2017-07-10 11:28:54.376  INFO [outbound-gateway,,,] 5388 --- [main] o.s.b.f.config.PropertiesFactoryBean     : Loading properties file from URL [jar:file:/C:/Users/Sridhar/.m2/repository/org/springframework/integration/spring-integration-core/4.3.2.RELEASE/spring-integration-core-4.3.2.RELEASE.jar!/META-INF/spring.integration.default.properties]
2017-07-10 11:28:54.384  INFO [outbound-gateway,,,] 5388 --- [main] o.s.i.config.IntegrationRegistrar        : No bean named 'integrationHeaderChannelRegistry' has been explicitly defined. Therefore, a default DefaultHeaderChannelRegistry will be created.
2017-07-10 11:28:55.314  WARN [outbound-gateway,,,] 5388 --- [main] o.s.c.a.ConfigurationClassPostProcessor  : Cannot enhance @Configuration bean definition 'refreshScope' since its singleton instance has been created too early. The typical cause is a non-static @Bean method with a BeanDefinitionRegistryPostProcessor return type: Consider declaring such methods as 'static'.
2017-07-10 11:28:56.430  INFO [outbound-gateway,,,] 5388 --- [main] o.s.cloud.context.scope.GenericScope     : BeanFactory id=89569703-3706-318f-9f37-04fafacf56e0
2017-07-10 11:28:56.437  INFO [outbound-gateway,,,] 5388 --- [main] faultConfiguringBeanFactoryPostProcessor : No bean named 'errorChannel' has been explicitly defined. Therefore, a default PublishSubscribeChannel will be created.
2017-07-10 11:28:56.441  INFO [outbound-gateway,,,] 5388 --- [main] faultConfiguringBeanFactoryPostProcessor : No bean named 'taskScheduler' has been explicitly defined. Therefore, a default ThreadPoolTaskScheduler will be created.
2017-07-10 11:28:56.657  INFO [outbound-gateway,,,] 5388 --- [main] trationDelegate$BeanPostProcessorChecker : Bean 'org.springframework.cloud.sleuth.instrument.async.AsyncDefaultAutoConfiguration$DefaultAsyncConfigurerSupport' of type [class org.springframework.cloud.sleuth.instrument.async.AsyncDefaultAutoConfiguration$DefaultAsyncConfigurerSupport$$EnhancerBySpringCGLIB$$8b0f2123] is not eligible for getting processed by all BeanPostProcessors (for example: not eligible for auto-proxying)
2017-07-10 11:28:57.814  INFO [outbound-gateway,,,] 5388 --- [main] o.s.b.f.config.PropertiesFactoryBean     : Loading properties file from URL [jar:file:/C:/Users/Sridhar/.m2/repository/org/springframework/integration/spring-integration-core/4.3.2.RELEASE/spring-integration-core-4.3.2.RELEASE.jar!/META-INF/spring.integration.default.properties]
2017-07-10 11:28:57.817  INFO [outbound-gateway,,,] 5388 --- [main] trationDelegate$BeanPostProcessorChecker : Bean 'integrationGlobalProperties' of type [class org.springframework.beans.factory.config.PropertiesFactoryBean] is not eligible for getting processed by all BeanPostProcessors (for example: not eligible for auto-proxying)
2017-07-10 11:28:57.877  INFO [outbound-gateway,,,] 5388 --- [main] trationDelegate$BeanPostProcessorChecker : Bean 'integrationGlobalProperties' of type [class java.util.Properties] is not eligible for getting processed by all BeanPostProcessors (for example: not eligible for auto-proxying)
2017-07-10 11:28:58.095  INFO [outbound-gateway,,,] 5388 --- [main] trationDelegate$BeanPostProcessorChecker : Bean 'org.springframework.cloud.autoconfigure.ConfigurationPropertiesRebinderAutoConfiguration' of type [class org.springframework.cloud.autoconfigure.ConfigurationPropertiesRebinderAutoConfiguration$$EnhancerBySpringCGLIB$$69e7865d] is not eligible for getting processed by all BeanPostProcessors (for example: not eligible for auto-proxying)
2017-07-10 11:29:00.238  INFO [outbound-gateway,,,] 5388 --- [main] org.xnio                                 : XNIO version 3.3.6.Final
2017-07-10 11:29:00.283  INFO [outbound-gateway,,,] 5388 --- [main] org.xnio.nio                             : XNIO NIO Implementation Version 3.3.6.Final
2017-07-10 11:29:04.902  WARN [outbound-gateway,,,] 5388 --- [main] io.undertow.websockets.jsr               : UT026009: XNIO worker was not set on WebSocketDeploymentInfo, the default worker will be used
2017-07-10 11:29:04.904  WARN [outbound-gateway,,,] 5388 --- [main] io.undertow.websockets.jsr               : UT026010: Buffer pool was not set on WebSocketDeploymentInfo, the default pool will be used
2017-07-10 11:29:05.148  INFO [outbound-gateway,,,] 5388 --- [main] io.undertow.servlet                      : Initializing Spring embedded WebApplicationContext
2017-07-10 11:29:05.150  INFO [outbound-gateway,,,] 5388 --- [main] o.s.web.context.ContextLoader            : Root WebApplicationContext: initialization completed in 16286 ms
2017-07-10 11:29:06.157  INFO [outbound-gateway,,,] 5388 --- [main] o.s.s.c.ThreadPoolTaskScheduler          : Initializing ExecutorService  'taskScheduler'
2017-07-10 11:29:07.724  INFO [outbound-gateway,,,] 5388 --- [main] o.s.b.w.servlet.FilterRegistrationBean   : Mapping filter: 'metricsFilter' to: [/*]
2017-07-10 11:29:07.728  INFO [outbound-gateway,,,] 5388 --- [main] o.s.b.w.servlet.FilterRegistrationBean   : Mapping filter: 'characterEncodingFilter' to: [/*]
2017-07-10 11:29:07.730  INFO [outbound-gateway,,,] 5388 --- [main] o.s.b.c.embedded.FilterRegistrationBean  : Mapping filter: 'traceFilter' to: [/*]
2017-07-10 11:29:07.732  INFO [outbound-gateway,,,] 5388 --- [main] o.s.b.w.servlet.FilterRegistrationBean   : Mapping filter: 'hiddenHttpMethodFilter' to: [/*]
2017-07-10 11:29:07.733  INFO [outbound-gateway,,,] 5388 --- [main] o.s.b.w.servlet.FilterRegistrationBean   : Mapping filter: 'httpPutFormContentFilter' to: [/*]
2017-07-10 11:29:07.734  INFO [outbound-gateway,,,] 5388 --- [main] o.s.b.w.servlet.FilterRegistrationBean   : Mapping filter: 'requestContextFilter' to: [/*]
2017-07-10 11:29:07.735  INFO [outbound-gateway,,,] 5388 --- [main] o.s.b.w.servlet.FilterRegistrationBean   : Mapping filter: 'webRequestLoggingFilter' to: [/*]
2017-07-10 11:29:07.737  INFO [outbound-gateway,,,] 5388 --- [main] o.s.b.w.servlet.FilterRegistrationBean   : Mapping filter: 'applicationContextIdFilter' to: [/*]
2017-07-10 11:29:07.738  INFO [outbound-gateway,,,] 5388 --- [main] o.s.b.w.servlet.ServletRegistrationBean  : Mapping servlet: 'dispatcherServlet' to [/]
2017-07-10 11:29:13.751  INFO [outbound-gateway,,,] 5388 --- [main] s.w.s.m.m.a.RequestMappingHandlerAdapter : Looking for @ControllerAdvice: org.springframework.boot.context.embedded.AnnotationConfigEmbeddedWebApplicationContext@11f024e5: startup date [Mon Jul 10 11:28:48 IST 2017]; parent: org.springframework.context.annotation.AnnotationConfigApplicationContext@55efdd82
2017-07-10 11:29:14.083  INFO [outbound-gateway,,,] 5388 --- [main] s.w.s.m.m.a.RequestMappingHandlerMapping : Mapped "{[/composite],methods=[GET]}" onto public java.lang.String com.demo.integration.OutboundGatewayApplication.getValues()
2017-07-10 11:29:14.089  INFO [outbound-gateway,,,] 5388 --- [main] s.w.s.m.m.a.RequestMappingHandlerMapping : Mapped "{[/error]}" onto public org.springframework.http.ResponseEntity<java.util.Map<java.lang.String, java.lang.Object>> org.springframework.boot.autoconfigure.web.BasicErrorController.error(javax.servlet.http.HttpServletRequest)
2017-07-10 11:29:14.091  INFO [outbound-gateway,,,] 5388 --- [main] s.w.s.m.m.a.RequestMappingHandlerMapping : Mapped "{[/error],produces=[text/html]}" onto public org.springframework.web.servlet.ModelAndView org.springframework.boot.autoconfigure.web.BasicErrorController.errorHtml(javax.servlet.http.HttpServletRequest,javax.servlet.http.HttpServletResponse)
2017-07-10 11:29:14.460  INFO [outbound-gateway,,,] 5388 --- [main] o.s.w.s.handler.SimpleUrlHandlerMapping  : Mapped URL path [/webjars/**] onto handler of type [class org.springframework.web.servlet.resource.ResourceHttpRequestHandler]
2017-07-10 11:29:14.462  INFO [outbound-gateway,,,] 5388 --- [main] o.s.w.s.handler.SimpleUrlHandlerMapping  : Mapped URL path [/**] onto handler of type [class org.springframework.web.servlet.resource.ResourceHttpRequestHandler]
2017-07-10 11:29:14.638  INFO [outbound-gateway,,,] 5388 --- [main] o.s.w.s.handler.SimpleUrlHandlerMapping  : Mapped URL path [/**/favicon.ico] onto handler of type [class org.springframework.web.servlet.resource.ResourceHttpRequestHandler]
2017-07-10 11:29:18.583  INFO [outbound-gateway,,,] 5388 --- [main] o.s.b.a.e.mvc.EndpointHandlerMapping     : Mapped "{[/resume || /resume.json],methods=[POST]}" onto public java.lang.Object org.springframework.cloud.endpoint.GenericPostableMvcEndpoint.invoke()
2017-07-10 11:29:18.586  INFO [outbound-gateway,,,] 5388 --- [main] o.s.b.a.e.mvc.EndpointHandlerMapping     : Mapped "{[/metrics/{name:.*}],methods=[GET],produces=[application/json]}" onto public java.lang.Object org.springframework.boot.actuate.endpoint.mvc.MetricsMvcEndpoint.value(java.lang.String)
2017-07-10 11:29:18.588  INFO [outbound-gateway,,,] 5388 --- [main] o.s.b.a.e.mvc.EndpointHandlerMapping     : Mapped "{[/metrics || /metrics.json],methods=[GET],produces=[application/json]}" onto public java.lang.Object org.springframework.boot.actuate.endpoint.mvc.EndpointMvcAdapter.invoke()
2017-07-10 11:29:18.590  INFO [outbound-gateway,,,] 5388 --- [main] o.s.b.a.e.mvc.EndpointHandlerMapping     : Mapped "{[/restart || /restart.json],methods=[POST]}" onto public java.lang.Object org.springframework.cloud.context.restart.RestartMvcEndpoint.invoke()
2017-07-10 11:29:18.593  INFO [outbound-gateway,,,] 5388 --- [main] o.s.b.a.e.mvc.EndpointHandlerMapping     : Mapped "{[/dump || /dump.json],methods=[GET],produces=[application/json]}" onto public java.lang.Object org.springframework.boot.actuate.endpoint.mvc.EndpointMvcAdapter.invoke()
2017-07-10 11:29:18.597  INFO [outbound-gateway,,,] 5388 --- [main] o.s.b.a.e.mvc.EndpointHandlerMapping     : Mapped "{[/env/{name:.*}],methods=[GET],produces=[application/json]}" onto public java.lang.Object org.springframework.boot.actuate.endpoint.mvc.EnvironmentMvcEndpoint.value(java.lang.String)
2017-07-10 11:29:18.598  INFO [outbound-gateway,,,] 5388 --- [main] o.s.b.a.e.mvc.EndpointHandlerMapping     : Mapped "{[/env || /env.json],methods=[GET],produces=[application/json]}" onto public java.lang.Object org.springframework.boot.actuate.endpoint.mvc.EndpointMvcAdapter.invoke()
2017-07-10 11:29:18.601  INFO [outbound-gateway,,,] 5388 --- [main] o.s.b.a.e.mvc.EndpointHandlerMapping     : Mapped "{[/env],methods=[POST]}" onto public java.lang.Object org.springframework.cloud.context.environment.EnvironmentManagerMvcEndpoint.value(java.util.Map<java.lang.String, java.lang.String>)
2017-07-10 11:29:18.602  INFO [outbound-gateway,,,] 5388 --- [main] o.s.b.a.e.mvc.EndpointHandlerMapping     : Mapped "{[/env/reset],methods=[POST]}" onto public java.util.Map<java.lang.String, java.lang.Object> org.springframework.cloud.context.environment.EnvironmentManagerMvcEndpoint.reset()
2017-07-10 11:29:18.604  INFO [outbound-gateway,,,] 5388 --- [main] o.s.b.a.e.mvc.EndpointHandlerMapping     : Mapped "{[/health || /health.json],produces=[application/json]}" onto public java.lang.Object org.springframework.boot.actuate.endpoint.mvc.HealthMvcEndpoint.invoke(java.security.Principal)
2017-07-10 11:29:18.606  INFO [outbound-gateway,,,] 5388 --- [main] o.s.b.a.e.mvc.EndpointHandlerMapping     : Mapped "{[/refresh || /refresh.json],methods=[POST]}" onto public java.lang.Object org.springframework.cloud.endpoint.GenericPostableMvcEndpoint.invoke()
2017-07-10 11:29:18.610  INFO [outbound-gateway,,,] 5388 --- [main] o.s.b.a.e.mvc.EndpointHandlerMapping     : Mapped "{[/pause || /pause.json],methods=[POST]}" onto public java.lang.Object org.springframework.cloud.endpoint.GenericPostableMvcEndpoint.invoke()
2017-07-10 11:29:18.613  INFO [outbound-gateway,,,] 5388 --- [main] o.s.b.a.e.mvc.EndpointHandlerMapping     : Mapped "{[/heapdump || /heapdump.json],methods=[GET],produces=[application/octet-stream]}" onto public void org.springframework.boot.actuate.endpoint.mvc.HeapdumpMvcEndpoint.invoke(boolean,javax.servlet.http.HttpServletRequest,javax.servlet.http.HttpServletResponse) throws java.io.IOException,javax.servlet.ServletException
2017-07-10 11:29:18.615  INFO [outbound-gateway,,,] 5388 --- [main] o.s.b.a.e.mvc.EndpointHandlerMapping     : Mapped "{[/beans || /beans.json],methods=[GET],produces=[application/json]}" onto public java.lang.Object org.springframework.boot.actuate.endpoint.mvc.EndpointMvcAdapter.invoke()
2017-07-10 11:29:18.619  INFO [outbound-gateway,,,] 5388 --- [main] o.s.b.a.e.mvc.EndpointHandlerMapping     : Mapped "{[/info || /info.json],methods=[GET],produces=[application/json]}" onto public java.lang.Object org.springframework.boot.actuate.endpoint.mvc.EndpointMvcAdapter.invoke()
2017-07-10 11:29:18.621  INFO [outbound-gateway,,,] 5388 --- [main] o.s.b.a.e.mvc.EndpointHandlerMapping     : Mapped "{[/logfile || /logfile.json],methods=[GET || HEAD]}" onto public void org.springframework.boot.actuate.endpoint.mvc.LogFileMvcEndpoint.invoke(javax.servlet.http.HttpServletRequest,javax.servlet.http.HttpServletResponse) throws javax.servlet.ServletException,java.io.IOException
2017-07-10 11:29:18.622  INFO [outbound-gateway,,,] 5388 --- [main] o.s.b.a.e.mvc.EndpointHandlerMapping     : Mapped "{[/mappings || /mappings.json],methods=[GET],produces=[application/json]}" onto public java.lang.Object org.springframework.boot.actuate.endpoint.mvc.EndpointMvcAdapter.invoke()
2017-07-10 11:29:18.629  INFO [outbound-gateway,,,] 5388 --- [main] o.s.b.a.e.mvc.EndpointHandlerMapping     : Mapped "{[/autoconfig || /autoconfig.json],methods=[GET],produces=[application/json]}" onto public java.lang.Object org.springframework.boot.actuate.endpoint.mvc.EndpointMvcAdapter.invoke()
2017-07-10 11:29:18.631  INFO [outbound-gateway,,,] 5388 --- [main] o.s.b.a.e.mvc.EndpointHandlerMapping     : Mapped "{[/configprops || /configprops.json],methods=[GET],produces=[application/json]}" onto public java.lang.Object org.springframework.boot.actuate.endpoint.mvc.EndpointMvcAdapter.invoke()
2017-07-10 11:29:18.633  INFO [outbound-gateway,,,] 5388 --- [main] o.s.b.a.e.mvc.EndpointHandlerMapping     : Mapped "{[/trace || /trace.json],methods=[GET],produces=[application/json]}" onto public java.lang.Object org.springframework.boot.actuate.endpoint.mvc.EndpointMvcAdapter.invoke()
2017-07-10 11:29:19.167  INFO [outbound-gateway,,,] 5388 --- [main] o.s.s.c.ThreadPoolTaskScheduler          : Initializing ExecutorService 
2017-07-10 11:29:20.074  INFO [outbound-gateway,,,] 5388 --- [main] o.s.j.e.a.AnnotationMBeanExporter        : Registering beans for JMX exposure on startup
2017-07-10 11:29:20.091  INFO [outbound-gateway,,,] 5388 --- [main] o.s.j.e.a.AnnotationMBeanExporter        : Bean with name 'integrationMbeanExporter' has been autodetected for JMX exposure
2017-07-10 11:29:20.094  INFO [outbound-gateway,,,] 5388 --- [main] o.s.j.e.a.AnnotationMBeanExporter        : Bean with name 'configurationPropertiesRebinder' has been autodetected for JMX exposure
2017-07-10 11:29:20.096  INFO [outbound-gateway,,,] 5388 --- [main] o.s.j.e.a.AnnotationMBeanExporter        : Bean with name 'refreshEndpoint' has been autodetected for JMX exposure
2017-07-10 11:29:20.098  INFO [outbound-gateway,,,] 5388 --- [main] o.s.j.e.a.AnnotationMBeanExporter        : Bean with name 'restartEndpoint' has been autodetected for JMX exposure
2017-07-10 11:29:20.100  INFO [outbound-gateway,,,] 5388 --- [main] o.s.j.e.a.AnnotationMBeanExporter        : Bean with name 'refreshScope' has been autodetected for JMX exposure
2017-07-10 11:29:20.102  INFO [outbound-gateway,,,] 5388 --- [main] o.s.j.e.a.AnnotationMBeanExporter        : Bean with name 'environmentManager' has been autodetected for JMX exposure
2017-07-10 11:29:20.107  INFO [outbound-gateway,,,] 5388 --- [main] o.s.j.e.a.AnnotationMBeanExporter        : Located managed bean 'environmentManager': registering with JMX server as MBean [org.springframework.cloud.context.environment:name=environmentManager,type=EnvironmentManager]
2017-07-10 11:29:20.349  INFO [outbound-gateway,,,] 5388 --- [main] o.s.j.e.a.AnnotationMBeanExporter        : Located managed bean 'restartEndpoint': registering with JMX server as MBean [org.springframework.cloud.context.restart:name=restartEndpoint,type=RestartEndpoint]
2017-07-10 11:29:20.388  INFO [outbound-gateway,,,] 5388 --- [main] o.s.j.e.a.AnnotationMBeanExporter        : Located managed bean 'refreshScope': registering with JMX server as MBean [org.springframework.cloud.context.scope.refresh:name=refreshScope,type=RefreshScope]
2017-07-10 11:29:20.412  INFO [outbound-gateway,,,] 5388 --- [main] o.s.j.e.a.AnnotationMBeanExporter        : Located managed bean 'integrationMbeanExporter': registering with JMX server as MBean [org.springframework.integration.monitor:name=integrationMbeanExporter,type=IntegrationMBeanExporter]
2017-07-10 11:29:20.453  INFO [outbound-gateway,,,] 5388 --- [main] o.s.j.e.a.AnnotationMBeanExporter        : Located managed bean 'configurationPropertiesRebinder': registering with JMX server as MBean [org.springframework.cloud.context.properties:name=configurationPropertiesRebinder,context=11f024e5,type=ConfigurationPropertiesRebinder]
2017-07-10 11:29:20.459  INFO [outbound-gateway,,,] 5388 --- [main] o.s.j.e.a.AnnotationMBeanExporter        : Located managed bean 'refreshEndpoint': registering with JMX server as MBean [org.springframework.cloud.endpoint:name=refreshEndpoint,type=RefreshEndpoint]
2017-07-10 11:29:20.467  INFO [outbound-gateway,,,] 5388 --- [main] o.s.i.monitor.IntegrationMBeanExporter   : Registering beans for JMX exposure on startup
2017-07-10 11:29:20.468  INFO [outbound-gateway,,,] 5388 --- [main] o.s.i.monitor.IntegrationMBeanExporter   : Registering MessageChannel httpOutbound
2017-07-10 11:29:20.502  INFO [outbound-gateway,,,] 5388 --- [main] o.s.i.monitor.IntegrationMBeanExporter   : Located managed bean 'org.springframework.integration:type=MessageChannel,name=httpOutbound': registering with JMX server as MBean [org.springframework.integration:type=MessageChannel,name=httpOutbound]
2017-07-10 11:29:20.549  INFO [outbound-gateway,,,] 5388 --- [main] o.s.i.monitor.IntegrationMBeanExporter   : Registering MessageChannel httpReply
2017-07-10 11:29:20.551  INFO [outbound-gateway,,,] 5388 --- [main] o.s.i.monitor.IntegrationMBeanExporter   : Located managed bean 'org.springframework.integration:type=MessageChannel,name=httpReply': registering with JMX server as MBean [org.springframework.integration:type=MessageChannel,name=httpReply]
2017-07-10 11:29:20.620  INFO [outbound-gateway,,,] 5388 --- [main] o.s.i.monitor.IntegrationMBeanExporter   : Registering MessageChannel errorChannel
2017-07-10 11:29:20.622  INFO [outbound-gateway,,,] 5388 --- [main] o.s.i.monitor.IntegrationMBeanExporter   : Located managed bean 'org.springframework.integration:type=MessageChannel,name=errorChannel': registering with JMX server as MBean [org.springframework.integration:type=MessageChannel,name=errorChannel]
2017-07-10 11:29:20.669  INFO [outbound-gateway,,,] 5388 --- [main] o.s.i.monitor.IntegrationMBeanExporter   : Registering MessageChannel nullChannel
2017-07-10 11:29:20.673  INFO [outbound-gateway,,,] 5388 --- [main] o.s.i.monitor.IntegrationMBeanExporter   : Located managed bean 'org.springframework.integration:type=MessageChannel,name=nullChannel': registering with JMX server as MBean [org.springframework.integration:type=MessageChannel,name=nullChannel]
2017-07-10 11:29:20.707  INFO [outbound-gateway,,,] 5388 --- [main] o.s.i.monitor.IntegrationMBeanExporter   : Located managed bean 'org.springframework.integration:type=MessageHandler,name=httpOutbound,bean=anonymous': registering with JMX server as MBean [org.springframework.integration:type=MessageHandler,name=httpOutbound,bean=anonymous]
2017-07-10 11:29:20.743  INFO [outbound-gateway,,,] 5388 --- [main] o.s.i.monitor.IntegrationMBeanExporter   : Located managed bean 'org.springframework.integration:type=MessageHandler,name=errorLogger,bean=internal': registering with JMX server as MBean [org.springframework.integration:type=MessageHandler,name=errorLogger,bean=internal]
2017-07-10 11:29:20.761  INFO [outbound-gateway,,,] 5388 --- [main] o.s.i.monitor.IntegrationMBeanExporter   : Located managed bean 'org.springframework.integration:type=MessageHandler,name=httpReply,bean=anonymous': registering with JMX server as MBean [org.springframework.integration:type=MessageHandler,name=httpReply,bean=anonymous]
2017-07-10 11:29:20.773  INFO [outbound-gateway,,,] 5388 --- [main] o.s.i.monitor.IntegrationMBeanExporter   : Located managed bean 'org.springframework.integration:type=ManagedEndpoint,name=simpleGateway,bean=endpoint': registering with JMX server as MBean [org.springframework.integration:type=ManagedEndpoint,name=simpleGateway,bean=endpoint]
2017-07-10 11:29:20.780  INFO [outbound-gateway,,,] 5388 --- [main] o.s.i.monitor.IntegrationMBeanExporter   : Registered endpoint without MessageSource: org.springframework.integration:type=ManagedEndpoint,name=simpleGateway,bean=endpoint
2017-07-10 11:29:21.021  INFO [outbound-gateway,,,] 5388 --- [main] o.s.c.support.DefaultLifecycleProcessor  : Starting beans in phase 0
2017-07-10 11:29:21.022  INFO [outbound-gateway,,,] 5388 --- [main] ProxyFactoryBean$MethodInvocationGateway : started simpleGateway
2017-07-10 11:29:21.023  INFO [outbound-gateway,,,] 5388 --- [main] GatewayCompletableFutureProxyFactoryBean : started simpleGateway
2017-07-10 11:29:21.023  INFO [outbound-gateway,,,] 5388 --- [main] o.s.i.endpoint.EventDrivenConsumer       : Adding {http:outbound-gateway} as a subscriber to the 'httpOutbound' channel
2017-07-10 11:29:21.024  INFO [outbound-gateway,,,] 5388 --- [main] o.s.integration.channel.DirectChannel    : Channel 'outbound-gateway:9081.httpOutbound' has 1 subscriber(s).
2017-07-10 11:29:21.025  INFO [outbound-gateway,,,] 5388 --- [main] o.s.i.endpoint.EventDrivenConsumer       : started org.springframework.integration.config.ConsumerEndpointFactoryBean#0
2017-07-10 11:29:21.026  INFO [outbound-gateway,,,] 5388 --- [main] o.s.i.endpoint.EventDrivenConsumer       : Adding {service-activator} as a subscriber to the 'httpReply' channel
2017-07-10 11:29:21.026  INFO [outbound-gateway,,,] 5388 --- [main] o.s.integration.channel.DirectChannel    : Channel 'outbound-gateway:9081.httpReply' has 1 subscriber(s).
2017-07-10 11:29:21.028  INFO [outbound-gateway,,,] 5388 --- [main] o.s.i.endpoint.EventDrivenConsumer       : started org.springframework.integration.config.ConsumerEndpointFactoryBean#1
2017-07-10 11:29:21.093  INFO [outbound-gateway,,,] 5388 --- [main] o.s.i.endpoint.EventDrivenConsumer       : Adding {logging-channel-adapter:_org.springframework.integration.errorLogger} as a subscriber to the 'errorChannel' channel
2017-07-10 11:29:21.097  INFO [outbound-gateway,,,] 5388 --- [main] o.s.i.channel.PublishSubscribeChannel    : Channel 'outbound-gateway:9081.errorChannel' has 1 subscriber(s).
2017-07-10 11:29:21.098  INFO [outbound-gateway,,,] 5388 --- [main] o.s.i.endpoint.EventDrivenConsumer       : started _org.springframework.integration.errorLogger
2017-07-10 11:29:21.931  INFO [outbound-gateway,,,] 5388 --- [main] b.c.e.u.UndertowEmbeddedServletContainer : Undertow started on port(s) 9081 (http)
2017-07-10 11:29:21.938  INFO [outbound-gateway,,,] 5388 --- [main] c.d.i.OutboundGatewayApplication         : Started OutboundGatewayApplication in 40.539 seconds (JVM running for 53.48)
2017-07-10 11:29:31.743 DEBUG [outbound-gateway,,,] 5388 --- [XNIO-2 task-1] o.s.c.sleuth.instrument.web.TraceFilter  : Initializing filter 'traceFilter'
2017-07-10 11:29:31.745 DEBUG [outbound-gateway,,,] 5388 --- [XNIO-2 task-1] o.s.c.sleuth.instrument.web.TraceFilter  : Filter 'traceFilter' configured successfully
2017-07-10 11:29:31.748 DEBUG [outbound-gateway,,,] 5388 --- [XNIO-2 task-1] o.s.c.sleuth.instrument.web.TraceFilter  : Received a request to uri [/composite] that should not be sampled [false]
2017-07-10 11:29:31.751 DEBUG [outbound-gateway,c4642969840320ec,c4642969840320ec,true] 5388 --- [XNIO-2 task-1] o.s.c.sleuth.instrument.web.TraceFilter  : No parent span present - creating a new span
2017-07-10 11:29:31.763  INFO [outbound-gateway,c4642969840320ec,c4642969840320ec,true] 5388 --- [XNIO-2 task-1] io.undertow.servlet                      : Initializing Spring FrameworkServlet 'dispatcherServlet'
2017-07-10 11:29:31.764  INFO [outbound-gateway,c4642969840320ec,c4642969840320ec,true] 5388 --- [XNIO-2 task-1] o.s.web.servlet.DispatcherServlet        : FrameworkServlet 'dispatcherServlet': initialization started
2017-07-10 11:29:31.841  INFO [outbound-gateway,c4642969840320ec,c4642969840320ec,true] 5388 --- [XNIO-2 task-1] o.s.web.servlet.DispatcherServlet        : FrameworkServlet 'dispatcherServlet': initialization completed in 76 ms
2017-07-10 11:29:31.898 DEBUG [outbound-gateway,c4642969840320ec,1406758758ec0e97,true] 5388 --- [XNIO-2 task-1] o.s.c.s.i.web.TraceHandlerInterceptor    : Created new span [Trace: c4642969840320ec, Span: 1406758758ec0e97, Parent: c4642969840320ec, exportable:true] with name [get-values]
2017-07-10 11:29:31.904 DEBUG [outbound-gateway,c4642969840320ec,1406758758ec0e97,true] 5388 --- [XNIO-2 task-1] o.s.c.s.i.web.TraceHandlerInterceptor    : Adding a method tag with value [getValues] to a span [Trace: c4642969840320ec, Span: 1406758758ec0e97, Parent: c4642969840320ec, exportable:true]
2017-07-10 11:29:31.905 DEBUG [outbound-gateway,c4642969840320ec,1406758758ec0e97,true] 5388 --- [XNIO-2 task-1] o.s.c.s.i.web.TraceHandlerInterceptor    : Adding a class tag with value [OutboundGatewayApplication] to a span [Trace: c4642969840320ec, Span: 1406758758ec0e97, Parent: c4642969840320ec, exportable:true]
2017-07-10 11:29:31.931  INFO [outbound-gateway,c4642969840320ec,1406758758ec0e97,true] 5388 --- [XNIO-2 task-1] c.d.i.OutboundGatewayApplication         : sending request to demo-service
2017-07-10 11:29:44.276  INFO [outbound-gateway,c4642969840320ec,39b18dfd4ba2e6ce,true] 5388 --- [XNIO-2 task-1] com.demo.integration.MessagePrinter      : Received:Welcome
2017-07-10 11:29:44.581 DEBUG [outbound-gateway,c4642969840320ec,1406758758ec0e97,true] 5388 --- [XNIO-2 task-1] o.s.c.s.i.web.TraceHandlerInterceptor    : Closing span [Trace: c4642969840320ec, Span: 1406758758ec0e97, Parent: c4642969840320ec, exportable:true]
2017-07-10 11:29:44.607 DEBUG [outbound-gateway,c4642969840320ec,c4642969840320ec,true] 5388 --- [XNIO-2 task-1] o.s.c.sleuth.instrument.web.TraceFilter  : Closing the span [Trace: c4642969840320ec, Span: c4642969840320ec, Parent: null, exportable:true] since the response was successful
2017-07-10 11:32:05.020  INFO [outbound-gateway,,,] 5388 --- [Thread-3] ationConfigEmbeddedWebApplicationContext : Closing org.springframework.boot.context.embedded.AnnotationConfigEmbeddedWebApplicationContext@11f024e5: startup date [Mon Jul 10 11:28:48 IST 2017]; parent: org.springframework.context.annotation.AnnotationConfigApplicationContext@55efdd82
2017-07-10 11:32:05.024  INFO [outbound-gateway,,,] 5388 --- [Thread-3] o.s.c.support.DefaultLifecycleProcessor  : Stopping beans in phase 0
2017-07-10 11:32:05.026  INFO [outbound-gateway,,,] 5388 --- [Thread-3] ProxyFactoryBean$MethodInvocationGateway : stopped simpleGateway
2017-07-10 11:32:05.026  INFO [outbound-gateway,,,] 5388 --- [Thread-3] GatewayCompletableFutureProxyFactoryBean : stopped simpleGateway
2017-07-10 11:32:05.027  INFO [outbound-gateway,,,] 5388 --- [Thread-3] o.s.i.endpoint.EventDrivenConsumer       : Removing {http:outbound-gateway} as a subscriber to the 'httpOutbound' channel
2017-07-10 11:32:05.027  INFO [outbound-gateway,,,] 5388 --- [Thread-3] o.s.integration.channel.DirectChannel    : Channel 'outbound-gateway:9081.httpOutbound' has 0 subscriber(s).
2017-07-10 11:32:05.028  INFO [outbound-gateway,,,] 5388 --- [Thread-3] o.s.i.endpoint.EventDrivenConsumer       : stopped org.springframework.integration.config.ConsumerEndpointFactoryBean#0
2017-07-10 11:32:05.029  INFO [outbound-gateway,,,] 5388 --- [Thread-3] o.s.i.endpoint.EventDrivenConsumer       : Removing {service-activator} as a subscriber to the 'httpReply' channel
2017-07-10 11:32:05.029  INFO [outbound-gateway,,,] 5388 --- [Thread-3] o.s.integration.channel.DirectChannel    : Channel 'outbound-gateway:9081.httpReply' has 0 subscriber(s).
2017-07-10 11:32:05.030  INFO [outbound-gateway,,,] 5388 --- [Thread-3] o.s.i.endpoint.EventDrivenConsumer       : stopped org.springframework.integration.config.ConsumerEndpointFactoryBean#1
2017-07-10 11:32:05.030  INFO [outbound-gateway,,,] 5388 --- [Thread-3] o.s.i.endpoint.EventDrivenConsumer       : Removing {logging-channel-adapter:_org.springframework.integration.errorLogger} as a subscriber to the 'errorChannel' channel
2017-07-10 11:32:05.031  INFO [outbound-gateway,,,] 5388 --- [Thread-3] o.s.i.channel.PublishSubscribeChannel    : Channel 'outbound-gateway:9081.errorChannel' has 0 subscriber(s).
2017-07-10 11:32:05.032  INFO [outbound-gateway,,,] 5388 --- [Thread-3] o.s.i.endpoint.EventDrivenConsumer       : stopped _org.springframework.integration.errorLogger
2017-07-10 11:32:05.037  INFO [outbound-gateway,,,] 5388 --- [Thread-3] o.s.i.monitor.IntegrationMBeanExporter   : Unregistering JMX-exposed beans on shutdown
2017-07-10 11:32:05.040  INFO [outbound-gateway,,,] 5388 --- [Thread-3] o.s.i.monitor.IntegrationMBeanExporter   : Unregistering JMX-exposed beans
2017-07-10 11:32:05.041  INFO [outbound-gateway,,,] 5388 --- [Thread-3] o.s.i.monitor.IntegrationMBeanExporter   : Summary on shutdown: httpOutbound
2017-07-10 11:32:05.042  INFO [outbound-gateway,,,] 5388 --- [Thread-3] o.s.i.monitor.IntegrationMBeanExporter   : Summary on shutdown: httpReply
2017-07-10 11:32:05.042  INFO [outbound-gateway,,,] 5388 --- [Thread-3] o.s.i.monitor.IntegrationMBeanExporter   : Summary on shutdown: errorChannel
2017-07-10 11:32:05.043  INFO [outbound-gateway,,,] 5388 --- [Thread-3] o.s.i.monitor.IntegrationMBeanExporter   : Summary on shutdown: nullChannel
2017-07-10 11:32:05.043  INFO [outbound-gateway,,,] 5388 --- [Thread-3] o.s.i.monitor.IntegrationMBeanExporter   : Summary on shutdown: org.springframework.integration.http.outbound.HttpRequestExecutingMessageHandler#0
2017-07-10 11:32:05.043  INFO [outbound-gateway,,,] 5388 --- [Thread-3] o.s.i.monitor.IntegrationMBeanExporter   : Summary on shutdown: _org.springframework.integration.errorLogger.handler
2017-07-10 11:32:05.044  INFO [outbound-gateway,,,] 5388 --- [Thread-3] o.s.i.monitor.IntegrationMBeanExporter   : Summary on shutdown: ServiceActivator for [org.springframework.integration.handler.MethodInvokingMessageProcessor@5377d474] (org.springframework.integration.config.ServiceActivatorFactoryBean#0)
2017-07-10 11:32:05.045  INFO [outbound-gateway,,,] 5388 --- [Thread-3] o.s.j.e.a.AnnotationMBeanExporter        : Unregistering JMX-exposed beans on shutdown
2017-07-10 11:32:05.045  INFO [outbound-gateway,,,] 5388 --- [Thread-3] o.s.j.e.a.AnnotationMBeanExporter        : Unregistering JMX-exposed beans
2017-07-10 11:32:05.794  INFO [outbound-gateway,,,] 5388 --- [Thread-3] o.s.s.c.ThreadPoolTaskScheduler          : Shutting down ExecutorService 'taskScheduler'
2017-07-10 11:32:05.861  INFO [outbound-gateway,,,] 5388 --- [Thread-3] io.undertow.servlet                      : Destroying Spring FrameworkServlet 'dispatcherServlet'
